TN:Items: Burn-Wrapper Case
SF:/Users/deployer/Desktop/StacksDegens/smart-contracts/sfts-advanced/contracts/collection-1.clar
FN:18,get-contract-admin
FN:21,set-contract-admin
FN:69,get-balance-uint
FN:28,is-owned-needed
FN:31,tag-nft-token-id
FN:65,set-balance
FN:78,get-total-supply
FN:40,mint
FN:52,mint-user
FN:72,get-balance
FN:75,get-overall-balance
FN:81,get-overall-supply
FN:84,get-decimals
FN:89,transfer
FN:114,transfer-many-iter
FN:101,transfer-many
FN:104,transfer-memo
FN:117,transfer-many-memo-iter
FN:110,transfer-many-memo
FN:122,burn
FN:132,burn-wrapper
FN:139,set-token-uri
FN:145,get-token-uri
FN:162,set-token-name
FN:168,get-token-name
FNF:25
FNH:0
end_of_record
TN:Items: Burn-Wrapper Case
SF:/Users/deployer/Desktop/StacksDegens/smart-contracts/sfts-advanced/contracts/items.clar
FN:18,get-contract-admin
FN:21,set-contract-admin
FN:67,get-balance-uint
FN:28,is-owned-needed
FN:31,tag-nft-token-id
FN:64,set-balance
FN:76,get-total-supply
FN:40,mint
FN:51,mint-user
FN:70,get-balance
FN:73,get-overall-balance
FN:79,get-overall-supply
FN:82,get-decimals
FN:87,transfer
FN:114,transfer-many-iter
FN:99,transfer-many
FN:102,transfer-memo
FN:117,transfer-many-memo-iter
FN:108,transfer-many-memo
FN:111,transfer-wrapper
FN:122,burn
FN:132,burn-wrapper
FN:139,set-token-uri
FN:145,get-token-uri
FN:199,set-token-name
FN:205,get-token-name
FNDA:2,burn
FNDA:2,burn-wrapper
FNDA:4,get-balance-uint
FNDA:2,get-total-supply
FNDA:2,mint
FNDA:3,set-balance
FNDA:3,tag-nft-token-id
FNF:26
FNH:7
DA:0,13
DA:20,0
DA:23,0
DA:24,0
DA:25,0
DA:30,0
DA:33,3
DA:34,3
DA:35,9
DA:36,5
DA:37,12
DA:42,2
DA:43,8
DA:44,8
DA:45,8
DA:46,8
DA:47,16
DA:48,14
DA:49,10
DA:50,4
DA:53,0
DA:54,0
DA:55,0
DA:56,0
DA:57,0
DA:58,0
DA:59,0
DA:60,0
DA:61,0
DA:66,12
DA:69,20
DA:72,0
DA:75,0
DA:78,10
DA:81,0
DA:84,0
DA:89,0
DA:90,0
DA:91,0
DA:92,0
DA:93,0
DA:94,0
DA:95,0
DA:96,0
DA:97,0
DA:98,0
DA:101,0
DA:104,0
DA:105,0
DA:106,0
DA:107,0
DA:110,0
DA:113,0
DA:116,0
DA:119,0
DA:124,8
DA:125,10
DA:126,9
DA:127,4
DA:128,4
DA:129,6
DA:130,5
DA:131,2
DA:134,12
DA:141,0
DA:142,0
DA:143,0
DA:144,0
DA:147,0
DA:148,0
DA:150,0
DA:151,0
DA:152,0
DA:153,0
DA:154,0
DA:155,0
DA:156,0
DA:157,0
DA:158,0
DA:159,0
DA:160,0
DA:161,0
DA:162,0
DA:163,0
DA:164,0
DA:165,0
DA:166,0
DA:167,0
DA:168,0
DA:169,0
DA:170,0
DA:171,0
DA:172,0
DA:173,0
DA:174,0
DA:175,0
DA:176,0
DA:177,0
DA:178,0
DA:179,0
DA:180,0
DA:181,0
DA:182,0
DA:183,0
DA:184,0
DA:185,0
DA:186,0
DA:187,0
DA:188,0
DA:189,0
DA:190,0
DA:191,0
DA:192,0
DA:193,0
DA:194,0
DA:201,0
DA:202,0
DA:203,0
DA:204,0
DA:207,0
DA:208,0
DA:210,0
DA:211,0
DA:212,0
DA:213,0
DA:214,0
DA:215,0
DA:216,0
DA:217,0
DA:218,0
DA:219,0
DA:221,0
DA:222,0
DA:223,0
DA:224,0
DA:225,0
DA:226,0
DA:227,0
DA:228,0
DA:229,0
DA:231,0
DA:232,0
DA:233,0
DA:234,0
DA:235,0
DA:236,0
DA:237,0
DA:238,0
DA:239,0
DA:241,0
DA:242,0
DA:243,0
DA:244,0
DA:245,0
DA:246,0
DA:247,0
DA:248,0
DA:249,0
DA:251,0
DA:252,0
DA:253,0
DA:254,0
DA:255,0
DA:256,0
DA:257,0
DA:258,0
DA:259,0
end_of_record
TN:Items: Burn-Wrapper Case
SF:/Users/deployer/Desktop/StacksDegens/smart-contracts/sfts-advanced/contracts/main-sc.clar
FN:16,transfer-wrapper
FN:27,get-balance-wrapper
FN:40,create-balance-tuple
FN:43,get-data-balance-all-items
FN:65,mint-wrapper
FN:75,mint-wrapper-user
FN:85,mint-wrapper-admin
FN:97,mint-rewards
FN:103,burn-wrapper
FN:114,is-owned-needed-wrapper
FN:125,verified-ownership-function
FN:132,get-starter-kit-status
FN:136,claim-starter-kit
FN:155,get-level-up-resources
FN:147,level-up
FN:159,set-level-up-resources
FN:198,get-data-level-up
FN:201,get-all-level-up-data
FN:216,get-crafting-resources
FN:208,craft-item
FN:220,set-crafting-resources
FN:251,get-data-crafting
FN:254,get-all-crafting-data
FN:269,get-acquisition-resources
FN:261,buy-item
FN:273,set-acquisition-resources
FN:310,get-data-acquisition
FN:313,get-all-acquisition-data
FN:329,get-fight-needed-resources
FN:321,start-fight
FN:333,set-fight-needed-resources
FN:351,get-data-fight-resources
FN:354,get-all-fight-resources-data
FN:369,get-fight-rewards
FN:361,reward-fighting
FN:373,set-fight-rewards
FN:391,get-data-fight-rewards
FN:394,get-all-fight-rewards-data
FN:409,get-sleeping-rewards
FN:401,reward-sleeping
FN:413,set-sleeping-rewards
FN:424,get-data-sleeping-rewards
FN:427,get-all-sleeping-rewards-data
FN:442,get-mining-rewards
FN:434,reward-mining
FN:446,set-mining-rewards
FN:468,get-data-mining-rewards
FN:474,get-all-mining-rewards-data
FN:489,get-harvesting-rewards
FN:481,reward-harvesting
FN:493,set-harvesting-rewards
FN:514,get-data-harvesting-rewards
FN:520,get-all-harvesting-rewards-data
FNF:53
FNH:0
end_of_record
TN:Items: Burn-Wrapper Case
SF:/Users/deployer/Desktop/StacksDegens/smart-contracts/sfts-advanced/contracts/resources.clar
FN:18,get-contract-admin
FN:21,set-contract-admin
FN:67,get-balance-uint
FN:28,is-owned-needed
FN:31,tag-nft-token-id
FN:64,set-balance
FN:76,get-total-supply
FN:40,mint
FN:51,mint-user
FN:70,get-balance
FN:73,get-overall-balance
FN:79,get-overall-supply
FN:82,get-decimals
FN:87,transfer
FN:113,transfer-many-iter
FN:100,transfer-many
FN:103,transfer-memo
FN:116,transfer-many-memo-iter
FN:109,transfer-many-memo
FN:121,burn
FN:131,burn-wrapper
FN:138,set-token-uri
FN:144,get-token-uri
FN:157,set-token-name
FN:163,get-token-name
FNF:25
FNH:0
end_of_record
TN:Items: Burn-Wrapper Case
SF:/Users/deployer/Desktop/StacksDegens/smart-contracts/sfts-advanced/contracts/sip013-semi-fungible-token-trait.clar
FNF:0
FNH:0
end_of_record
TN:Items: Burn-Wrapper Case
SF:/Users/deployer/Desktop/StacksDegens/smart-contracts/sfts-advanced/contracts/sip013-transfer-many-trait.clar
FNF:0
FNH:0
end_of_record
TN:Items: Mint-Transfer-Burn-Balance Case
SF:/Users/deployer/Desktop/StacksDegens/smart-contracts/sfts-advanced/contracts/collection-1.clar
FN:18,get-contract-admin
FN:21,set-contract-admin
FN:69,get-balance-uint
FN:28,is-owned-needed
FN:31,tag-nft-token-id
FN:65,set-balance
FN:78,get-total-supply
FN:40,mint
FN:52,mint-user
FN:72,get-balance
FN:75,get-overall-balance
FN:81,get-overall-supply
FN:84,get-decimals
FN:89,transfer
FN:114,transfer-many-iter
FN:101,transfer-many
FN:104,transfer-memo
FN:117,transfer-many-memo-iter
FN:110,transfer-many-memo
FN:122,burn
FN:132,burn-wrapper
FN:139,set-token-uri
FN:145,get-token-uri
FN:162,set-token-name
FN:168,get-token-name
FNF:25
FNH:0
end_of_record
TN:Items: Mint-Transfer-Burn-Balance Case
SF:/Users/deployer/Desktop/StacksDegens/smart-contracts/sfts-advanced/contracts/items.clar
FN:18,get-contract-admin
FN:21,set-contract-admin
FN:67,get-balance-uint
FN:28,is-owned-needed
FN:31,tag-nft-token-id
FN:64,set-balance
FN:76,get-total-supply
FN:40,mint
FN:51,mint-user
FN:70,get-balance
FN:73,get-overall-balance
FN:79,get-overall-supply
FN:82,get-decimals
FN:87,transfer
FN:114,transfer-many-iter
FN:99,transfer-many
FN:102,transfer-memo
FN:117,transfer-many-memo-iter
FN:108,transfer-many-memo
FN:111,transfer-wrapper
FN:122,burn
FN:132,burn-wrapper
FN:139,set-token-uri
FN:145,get-token-uri
FN:199,set-token-name
FN:205,get-token-name
FNDA:2,burn
FNDA:16,get-balance-uint
FNDA:9,get-total-supply
FNDA:9,mint
FNDA:16,set-balance
FNDA:16,tag-nft-token-id
FNDA:5,transfer
FNF:26
FNH:7
DA:0,79
DA:20,0
DA:23,0
DA:24,0
DA:25,0
DA:30,0
DA:33,21
DA:34,21
DA:35,63
DA:36,50
DA:37,84
DA:42,9
DA:43,36
DA:44,36
DA:45,36
DA:46,36
DA:47,72
DA:48,63
DA:49,45
DA:50,18
DA:53,0
DA:54,0
DA:55,0
DA:56,0
DA:57,0
DA:58,0
DA:59,0
DA:60,0
DA:61,0
DA:66,84
DA:69,105
DA:72,0
DA:75,0
DA:78,45
DA:81,0
DA:84,0
DA:89,20
DA:90,25
DA:91,20
DA:92,25
DA:93,20
DA:94,20
DA:95,30
DA:96,40
DA:97,30
DA:98,10
DA:101,0
DA:104,0
DA:105,0
DA:106,0
DA:107,0
DA:110,0
DA:113,0
DA:116,0
DA:119,0
DA:124,8
DA:125,10
DA:126,8
DA:127,8
DA:128,8
DA:129,12
DA:130,10
DA:131,4
DA:134,0
DA:141,0
DA:142,0
DA:143,0
DA:144,0
DA:147,0
DA:148,0
DA:150,0
DA:151,0
DA:152,0
DA:153,0
DA:154,0
DA:155,0
DA:156,0
DA:157,0
DA:158,0
DA:159,0
DA:160,0
DA:161,0
DA:162,0
DA:163,0
DA:164,0
DA:165,0
DA:166,0
DA:167,0
DA:168,0
DA:169,0
DA:170,0
DA:171,0
DA:172,0
DA:173,0
DA:174,0
DA:175,0
DA:176,0
DA:177,0
DA:178,0
DA:179,0
DA:180,0
DA:181,0
DA:182,0
DA:183,0
DA:184,0
DA:185,0
DA:186,0
DA:187,0
DA:188,0
DA:189,0
DA:190,0
DA:191,0
DA:192,0
DA:193,0
DA:194,0
DA:201,0
DA:202,0
DA:203,0
DA:204,0
DA:207,0
DA:208,0
DA:210,0
DA:211,0
DA:212,0
DA:213,0
DA:214,0
DA:215,0
DA:216,0
DA:217,0
DA:218,0
DA:219,0
DA:221,0
DA:222,0
DA:223,0
DA:224,0
DA:225,0
DA:226,0
DA:227,0
DA:228,0
DA:229,0
DA:231,0
DA:232,0
DA:233,0
DA:234,0
DA:235,0
DA:236,0
DA:237,0
DA:238,0
DA:239,0
DA:241,0
DA:242,0
DA:243,0
DA:244,0
DA:245,0
DA:246,0
DA:247,0
DA:248,0
DA:249,0
DA:251,0
DA:252,0
DA:253,0
DA:254,0
DA:255,0
DA:256,0
DA:257,0
DA:258,0
DA:259,0
end_of_record
TN:Items: Mint-Transfer-Burn-Balance Case
SF:/Users/deployer/Desktop/StacksDegens/smart-contracts/sfts-advanced/contracts/main-sc.clar
FN:16,transfer-wrapper
FN:27,get-balance-wrapper
FN:40,create-balance-tuple
FN:43,get-data-balance-all-items
FN:65,mint-wrapper
FN:75,mint-wrapper-user
FN:85,mint-wrapper-admin
FN:97,mint-rewards
FN:103,burn-wrapper
FN:114,is-owned-needed-wrapper
FN:125,verified-ownership-function
FN:132,get-starter-kit-status
FN:136,claim-starter-kit
FN:155,get-level-up-resources
FN:147,level-up
FN:159,set-level-up-resources
FN:198,get-data-level-up
FN:201,get-all-level-up-data
FN:216,get-crafting-resources
FN:208,craft-item
FN:220,set-crafting-resources
FN:251,get-data-crafting
FN:254,get-all-crafting-data
FN:269,get-acquisition-resources
FN:261,buy-item
FN:273,set-acquisition-resources
FN:310,get-data-acquisition
FN:313,get-all-acquisition-data
FN:329,get-fight-needed-resources
FN:321,start-fight
FN:333,set-fight-needed-resources
FN:351,get-data-fight-resources
FN:354,get-all-fight-resources-data
FN:369,get-fight-rewards
FN:361,reward-fighting
FN:373,set-fight-rewards
FN:391,get-data-fight-rewards
FN:394,get-all-fight-rewards-data
FN:409,get-sleeping-rewards
FN:401,reward-sleeping
FN:413,set-sleeping-rewards
FN:424,get-data-sleeping-rewards
FN:427,get-all-sleeping-rewards-data
FN:442,get-mining-rewards
FN:434,reward-mining
FN:446,set-mining-rewards
FN:468,get-data-mining-rewards
FN:474,get-all-mining-rewards-data
FN:489,get-harvesting-rewards
FN:481,reward-harvesting
FN:493,set-harvesting-rewards
FN:514,get-data-harvesting-rewards
FN:520,get-all-harvesting-rewards-data
FNF:53
FNH:0
end_of_record
TN:Items: Mint-Transfer-Burn-Balance Case
SF:/Users/deployer/Desktop/StacksDegens/smart-contracts/sfts-advanced/contracts/resources.clar
FN:18,get-contract-admin
FN:21,set-contract-admin
FN:67,get-balance-uint
FN:28,is-owned-needed
FN:31,tag-nft-token-id
FN:64,set-balance
FN:76,get-total-supply
FN:40,mint
FN:51,mint-user
FN:70,get-balance
FN:73,get-overall-balance
FN:79,get-overall-supply
FN:82,get-decimals
FN:87,transfer
FN:113,transfer-many-iter
FN:100,transfer-many
FN:103,transfer-memo
FN:116,transfer-many-memo-iter
FN:109,transfer-many-memo
FN:121,burn
FN:131,burn-wrapper
FN:138,set-token-uri
FN:144,get-token-uri
FN:157,set-token-name
FN:163,get-token-name
FNF:25
FNH:0
end_of_record
TN:Items: Mint-Transfer-Burn-Balance Case
SF:/Users/deployer/Desktop/StacksDegens/smart-contracts/sfts-advanced/contracts/sip013-semi-fungible-token-trait.clar
FNF:0
FNH:0
end_of_record
TN:Items: Mint-Transfer-Burn-Balance Case
SF:/Users/deployer/Desktop/StacksDegens/smart-contracts/sfts-advanced/contracts/sip013-transfer-many-trait.clar
FNF:0
FNH:0
end_of_record
TN:Items: Ownership Test Case
SF:/Users/deployer/Desktop/StacksDegens/smart-contracts/sfts-advanced/contracts/collection-1.clar
FN:18,get-contract-admin
FN:21,set-contract-admin
FN:69,get-balance-uint
FN:28,is-owned-needed
FN:31,tag-nft-token-id
FN:65,set-balance
FN:78,get-total-supply
FN:40,mint
FN:52,mint-user
FN:72,get-balance
FN:75,get-overall-balance
FN:81,get-overall-supply
FN:84,get-decimals
FN:89,transfer
FN:114,transfer-many-iter
FN:101,transfer-many
FN:104,transfer-memo
FN:117,transfer-many-memo-iter
FN:110,transfer-many-memo
FN:122,burn
FN:132,burn-wrapper
FN:139,set-token-uri
FN:145,get-token-uri
FN:162,set-token-name
FN:168,get-token-name
FNF:25
FNH:0
end_of_record
TN:Items: Ownership Test Case
SF:/Users/deployer/Desktop/StacksDegens/smart-contracts/sfts-advanced/contracts/items.clar
FN:18,get-contract-admin
FN:21,set-contract-admin
FN:67,get-balance-uint
FN:28,is-owned-needed
FN:31,tag-nft-token-id
FN:64,set-balance
FN:76,get-total-supply
FN:40,mint
FN:51,mint-user
FN:70,get-balance
FN:73,get-overall-balance
FN:79,get-overall-supply
FN:82,get-decimals
FN:87,transfer
FN:114,transfer-many-iter
FN:99,transfer-many
FN:102,transfer-memo
FN:117,transfer-many-memo-iter
FN:108,transfer-many-memo
FN:111,transfer-wrapper
FN:122,burn
FN:132,burn-wrapper
FN:139,set-token-uri
FN:145,get-token-uri
FN:199,set-token-name
FN:205,get-token-name
FNDA:4,get-balance-uint
FNDA:2,get-total-supply
FNDA:2,is-owned-needed
FNDA:2,mint
FNDA:2,set-balance
FNDA:2,tag-nft-token-id
FNF:26
FNH:6
DA:0,10
DA:20,0
DA:23,0
DA:24,0
DA:25,0
DA:30,16
DA:33,2
DA:34,2
DA:35,6
DA:36,0
DA:37,8
DA:42,2
DA:43,8
DA:44,8
DA:45,8
DA:46,8
DA:47,16
DA:48,14
DA:49,10
DA:50,4
DA:53,0
DA:54,0
DA:55,0
DA:56,0
DA:57,0
DA:58,0
DA:59,0
DA:60,0
DA:61,0
DA:66,8
DA:69,20
DA:72,0
DA:75,0
DA:78,10
DA:81,0
DA:84,0
DA:89,0
DA:90,0
DA:91,0
DA:92,0
DA:93,0
DA:94,0
DA:95,0
DA:96,0
DA:97,0
DA:98,0
DA:101,0
DA:104,0
DA:105,0
DA:106,0
DA:107,0
DA:110,0
DA:113,0
DA:116,0
DA:119,0
DA:124,0
DA:125,0
DA:126,0
DA:127,0
DA:128,0
DA:129,0
DA:130,0
DA:131,0
DA:134,0
DA:141,0
DA:142,0
DA:143,0
DA:144,0
DA:147,0
DA:148,0
DA:150,0
DA:151,0
DA:152,0
DA:153,0
DA:154,0
DA:155,0
DA:156,0
DA:157,0
DA:158,0
DA:159,0
DA:160,0
DA:161,0
DA:162,0
DA:163,0
DA:164,0
DA:165,0
DA:166,0
DA:167,0
DA:168,0
DA:169,0
DA:170,0
DA:171,0
DA:172,0
DA:173,0
DA:174,0
DA:175,0
DA:176,0
DA:177,0
DA:178,0
DA:179,0
DA:180,0
DA:181,0
DA:182,0
DA:183,0
DA:184,0
DA:185,0
DA:186,0
DA:187,0
DA:188,0
DA:189,0
DA:190,0
DA:191,0
DA:192,0
DA:193,0
DA:194,0
DA:201,0
DA:202,0
DA:203,0
DA:204,0
DA:207,0
DA:208,0
DA:210,0
DA:211,0
DA:212,0
DA:213,0
DA:214,0
DA:215,0
DA:216,0
DA:217,0
DA:218,0
DA:219,0
DA:221,0
DA:222,0
DA:223,0
DA:224,0
DA:225,0
DA:226,0
DA:227,0
DA:228,0
DA:229,0
DA:231,0
DA:232,0
DA:233,0
DA:234,0
DA:235,0
DA:236,0
DA:237,0
DA:238,0
DA:239,0
DA:241,0
DA:242,0
DA:243,0
DA:244,0
DA:245,0
DA:246,0
DA:247,0
DA:248,0
DA:249,0
DA:251,0
DA:252,0
DA:253,0
DA:254,0
DA:255,0
DA:256,0
DA:257,0
DA:258,0
DA:259,0
end_of_record
TN:Items: Ownership Test Case
SF:/Users/deployer/Desktop/StacksDegens/smart-contracts/sfts-advanced/contracts/main-sc.clar
FN:16,transfer-wrapper
FN:27,get-balance-wrapper
FN:40,create-balance-tuple
FN:43,get-data-balance-all-items
FN:65,mint-wrapper
FN:75,mint-wrapper-user
FN:85,mint-wrapper-admin
FN:97,mint-rewards
FN:103,burn-wrapper
FN:114,is-owned-needed-wrapper
FN:125,verified-ownership-function
FN:132,get-starter-kit-status
FN:136,claim-starter-kit
FN:155,get-level-up-resources
FN:147,level-up
FN:159,set-level-up-resources
FN:198,get-data-level-up
FN:201,get-all-level-up-data
FN:216,get-crafting-resources
FN:208,craft-item
FN:220,set-crafting-resources
FN:251,get-data-crafting
FN:254,get-all-crafting-data
FN:269,get-acquisition-resources
FN:261,buy-item
FN:273,set-acquisition-resources
FN:310,get-data-acquisition
FN:313,get-all-acquisition-data
FN:329,get-fight-needed-resources
FN:321,start-fight
FN:333,set-fight-needed-resources
FN:351,get-data-fight-resources
FN:354,get-all-fight-resources-data
FN:369,get-fight-rewards
FN:361,reward-fighting
FN:373,set-fight-rewards
FN:391,get-data-fight-rewards
FN:394,get-all-fight-rewards-data
FN:409,get-sleeping-rewards
FN:401,reward-sleeping
FN:413,set-sleeping-rewards
FN:424,get-data-sleeping-rewards
FN:427,get-all-sleeping-rewards-data
FN:442,get-mining-rewards
FN:434,reward-mining
FN:446,set-mining-rewards
FN:468,get-data-mining-rewards
FN:474,get-all-mining-rewards-data
FN:489,get-harvesting-rewards
FN:481,reward-harvesting
FN:493,set-harvesting-rewards
FN:514,get-data-harvesting-rewards
FN:520,get-all-harvesting-rewards-data
FNF:53
FNH:0
end_of_record
TN:Items: Ownership Test Case
SF:/Users/deployer/Desktop/StacksDegens/smart-contracts/sfts-advanced/contracts/resources.clar
FN:18,get-contract-admin
FN:21,set-contract-admin
FN:67,get-balance-uint
FN:28,is-owned-needed
FN:31,tag-nft-token-id
FN:64,set-balance
FN:76,get-total-supply
FN:40,mint
FN:51,mint-user
FN:70,get-balance
FN:73,get-overall-balance
FN:79,get-overall-supply
FN:82,get-decimals
FN:87,transfer
FN:113,transfer-many-iter
FN:100,transfer-many
FN:103,transfer-memo
FN:116,transfer-many-memo-iter
FN:109,transfer-many-memo
FN:121,burn
FN:131,burn-wrapper
FN:138,set-token-uri
FN:144,get-token-uri
FN:157,set-token-name
FN:163,get-token-name
FNF:25
FNH:0
end_of_record
TN:Items: Ownership Test Case
SF:/Users/deployer/Desktop/StacksDegens/smart-contracts/sfts-advanced/contracts/sip013-semi-fungible-token-trait.clar
FNF:0
FNH:0
end_of_record
TN:Items: Ownership Test Case
SF:/Users/deployer/Desktop/StacksDegens/smart-contracts/sfts-advanced/contracts/sip013-transfer-many-trait.clar
FNF:0
FNH:0
end_of_record
TN:Items: Set-Get Contract Admin
SF:/Users/deployer/Desktop/StacksDegens/smart-contracts/sfts-advanced/contracts/collection-1.clar
FN:18,get-contract-admin
FN:21,set-contract-admin
FN:69,get-balance-uint
FN:28,is-owned-needed
FN:31,tag-nft-token-id
FN:65,set-balance
FN:78,get-total-supply
FN:40,mint
FN:52,mint-user
FN:72,get-balance
FN:75,get-overall-balance
FN:81,get-overall-supply
FN:84,get-decimals
FN:89,transfer
FN:114,transfer-many-iter
FN:101,transfer-many
FN:104,transfer-memo
FN:117,transfer-many-memo-iter
FN:110,transfer-many-memo
FN:122,burn
FN:132,burn-wrapper
FN:139,set-token-uri
FN:145,get-token-uri
FN:162,set-token-name
FN:168,get-token-name
FNF:25
FNH:0
end_of_record
TN:Items: Set-Get Contract Admin
SF:/Users/deployer/Desktop/StacksDegens/smart-contracts/sfts-advanced/contracts/items.clar
FN:18,get-contract-admin
FN:21,set-contract-admin
FN:67,get-balance-uint
FN:28,is-owned-needed
FN:31,tag-nft-token-id
FN:64,set-balance
FN:76,get-total-supply
FN:40,mint
FN:51,mint-user
FN:70,get-balance
FN:73,get-overall-balance
FN:79,get-overall-supply
FN:82,get-decimals
FN:87,transfer
FN:114,transfer-many-iter
FN:99,transfer-many
FN:102,transfer-memo
FN:117,transfer-many-memo-iter
FN:108,transfer-many-memo
FN:111,transfer-wrapper
FN:122,burn
FN:132,burn-wrapper
FN:139,set-token-uri
FN:145,get-token-uri
FN:199,set-token-name
FN:205,get-token-name
FNDA:2,set-contract-admin
FNF:26
FNH:1
DA:0,0
DA:20,0
DA:23,2
DA:24,9
DA:25,3
DA:30,0
DA:33,0
DA:34,0
DA:35,0
DA:36,0
DA:37,0
DA:42,0
DA:43,0
DA:44,0
DA:45,0
DA:46,0
DA:47,0
DA:48,0
DA:49,0
DA:50,0
DA:53,0
DA:54,0
DA:55,0
DA:56,0
DA:57,0
DA:58,0
DA:59,0
DA:60,0
DA:61,0
DA:66,0
DA:69,0
DA:72,0
DA:75,0
DA:78,0
DA:81,0
DA:84,0
DA:89,0
DA:90,0
DA:91,0
DA:92,0
DA:93,0
DA:94,0
DA:95,0
DA:96,0
DA:97,0
DA:98,0
DA:101,0
DA:104,0
DA:105,0
DA:106,0
DA:107,0
DA:110,0
DA:113,0
DA:116,0
DA:119,0
DA:124,0
DA:125,0
DA:126,0
DA:127,0
DA:128,0
DA:129,0
DA:130,0
DA:131,0
DA:134,0
DA:141,0
DA:142,0
DA:143,0
DA:144,0
DA:147,0
DA:148,0
DA:150,0
DA:151,0
DA:152,0
DA:153,0
DA:154,0
DA:155,0
DA:156,0
DA:157,0
DA:158,0
DA:159,0
DA:160,0
DA:161,0
DA:162,0
DA:163,0
DA:164,0
DA:165,0
DA:166,0
DA:167,0
DA:168,0
DA:169,0
DA:170,0
DA:171,0
DA:172,0
DA:173,0
DA:174,0
DA:175,0
DA:176,0
DA:177,0
DA:178,0
DA:179,0
DA:180,0
DA:181,0
DA:182,0
DA:183,0
DA:184,0
DA:185,0
DA:186,0
DA:187,0
DA:188,0
DA:189,0
DA:190,0
DA:191,0
DA:192,0
DA:193,0
DA:194,0
DA:201,0
DA:202,0
DA:203,0
DA:204,0
DA:207,0
DA:208,0
DA:210,0
DA:211,0
DA:212,0
DA:213,0
DA:214,0
DA:215,0
DA:216,0
DA:217,0
DA:218,0
DA:219,0
DA:221,0
DA:222,0
DA:223,0
DA:224,0
DA:225,0
DA:226,0
DA:227,0
DA:228,0
DA:229,0
DA:231,0
DA:232,0
DA:233,0
DA:234,0
DA:235,0
DA:236,0
DA:237,0
DA:238,0
DA:239,0
DA:241,0
DA:242,0
DA:243,0
DA:244,0
DA:245,0
DA:246,0
DA:247,0
DA:248,0
DA:249,0
DA:251,0
DA:252,0
DA:253,0
DA:254,0
DA:255,0
DA:256,0
DA:257,0
DA:258,0
DA:259,0
end_of_record
TN:Items: Set-Get Contract Admin
SF:/Users/deployer/Desktop/StacksDegens/smart-contracts/sfts-advanced/contracts/main-sc.clar
FN:16,transfer-wrapper
FN:27,get-balance-wrapper
FN:40,create-balance-tuple
FN:43,get-data-balance-all-items
FN:65,mint-wrapper
FN:75,mint-wrapper-user
FN:85,mint-wrapper-admin
FN:97,mint-rewards
FN:103,burn-wrapper
FN:114,is-owned-needed-wrapper
FN:125,verified-ownership-function
FN:132,get-starter-kit-status
FN:136,claim-starter-kit
FN:155,get-level-up-resources
FN:147,level-up
FN:159,set-level-up-resources
FN:198,get-data-level-up
FN:201,get-all-level-up-data
FN:216,get-crafting-resources
FN:208,craft-item
FN:220,set-crafting-resources
FN:251,get-data-crafting
FN:254,get-all-crafting-data
FN:269,get-acquisition-resources
FN:261,buy-item
FN:273,set-acquisition-resources
FN:310,get-data-acquisition
FN:313,get-all-acquisition-data
FN:329,get-fight-needed-resources
FN:321,start-fight
FN:333,set-fight-needed-resources
FN:351,get-data-fight-resources
FN:354,get-all-fight-resources-data
FN:369,get-fight-rewards
FN:361,reward-fighting
FN:373,set-fight-rewards
FN:391,get-data-fight-rewards
FN:394,get-all-fight-rewards-data
FN:409,get-sleeping-rewards
FN:401,reward-sleeping
FN:413,set-sleeping-rewards
FN:424,get-data-sleeping-rewards
FN:427,get-all-sleeping-rewards-data
FN:442,get-mining-rewards
FN:434,reward-mining
FN:446,set-mining-rewards
FN:468,get-data-mining-rewards
FN:474,get-all-mining-rewards-data
FN:489,get-harvesting-rewards
FN:481,reward-harvesting
FN:493,set-harvesting-rewards
FN:514,get-data-harvesting-rewards
FN:520,get-all-harvesting-rewards-data
FNF:53
FNH:0
end_of_record
TN:Items: Set-Get Contract Admin
SF:/Users/deployer/Desktop/StacksDegens/smart-contracts/sfts-advanced/contracts/resources.clar
FN:18,get-contract-admin
FN:21,set-contract-admin
FN:67,get-balance-uint
FN:28,is-owned-needed
FN:31,tag-nft-token-id
FN:64,set-balance
FN:76,get-total-supply
FN:40,mint
FN:51,mint-user
FN:70,get-balance
FN:73,get-overall-balance
FN:79,get-overall-supply
FN:82,get-decimals
FN:87,transfer
FN:113,transfer-many-iter
FN:100,transfer-many
FN:103,transfer-memo
FN:116,transfer-many-memo-iter
FN:109,transfer-many-memo
FN:121,burn
FN:131,burn-wrapper
FN:138,set-token-uri
FN:144,get-token-uri
FN:157,set-token-name
FN:163,get-token-name
FNF:25
FNH:0
end_of_record
TN:Items: Set-Get Contract Admin
SF:/Users/deployer/Desktop/StacksDegens/smart-contracts/sfts-advanced/contracts/sip013-semi-fungible-token-trait.clar
FNF:0
FNH:0
end_of_record
TN:Items: Set-Get Contract Admin
SF:/Users/deployer/Desktop/StacksDegens/smart-contracts/sfts-advanced/contracts/sip013-transfer-many-trait.clar
FNF:0
FNH:0
end_of_record
TN:Items: Set-Get Token Name Case
SF:/Users/deployer/Desktop/StacksDegens/smart-contracts/sfts-advanced/contracts/collection-1.clar
FN:18,get-contract-admin
FN:21,set-contract-admin
FN:69,get-balance-uint
FN:28,is-owned-needed
FN:31,tag-nft-token-id
FN:65,set-balance
FN:78,get-total-supply
FN:40,mint
FN:52,mint-user
FN:72,get-balance
FN:75,get-overall-balance
FN:81,get-overall-supply
FN:84,get-decimals
FN:89,transfer
FN:114,transfer-many-iter
FN:101,transfer-many
FN:104,transfer-memo
FN:117,transfer-many-memo-iter
FN:110,transfer-many-memo
FN:122,burn
FN:132,burn-wrapper
FN:139,set-token-uri
FN:145,get-token-uri
FN:162,set-token-name
FN:168,get-token-name
FNF:25
FNH:0
end_of_record
TN:Items: Set-Get Token Name Case
SF:/Users/deployer/Desktop/StacksDegens/smart-contracts/sfts-advanced/contracts/items.clar
FN:18,get-contract-admin
FN:21,set-contract-admin
FN:67,get-balance-uint
FN:28,is-owned-needed
FN:31,tag-nft-token-id
FN:64,set-balance
FN:76,get-total-supply
FN:40,mint
FN:51,mint-user
FN:70,get-balance
FN:73,get-overall-balance
FN:79,get-overall-supply
FN:82,get-decimals
FN:87,transfer
FN:114,transfer-many-iter
FN:99,transfer-many
FN:102,transfer-memo
FN:117,transfer-many-memo-iter
FN:108,transfer-many-memo
FN:111,transfer-wrapper
FN:122,burn
FN:132,burn-wrapper
FN:139,set-token-uri
FN:145,get-token-uri
FN:199,set-token-name
FN:205,get-token-name
FNDA:2,get-token-name
FNDA:1,set-token-name
FNF:26
FNH:2
DA:0,3
DA:20,0
DA:23,0
DA:24,0
DA:25,0
DA:30,0
DA:33,0
DA:34,0
DA:35,0
DA:36,0
DA:37,0
DA:42,0
DA:43,0
DA:44,0
DA:45,0
DA:46,0
DA:47,0
DA:48,0
DA:49,0
DA:50,0
DA:53,0
DA:54,0
DA:55,0
DA:56,0
DA:57,0
DA:58,0
DA:59,0
DA:60,0
DA:61,0
DA:66,0
DA:69,0
DA:72,0
DA:75,0
DA:78,0
DA:81,0
DA:84,0
DA:89,0
DA:90,0
DA:91,0
DA:92,0
DA:93,0
DA:94,0
DA:95,0
DA:96,0
DA:97,0
DA:98,0
DA:101,0
DA:104,0
DA:105,0
DA:106,0
DA:107,0
DA:110,0
DA:113,0
DA:116,0
DA:119,0
DA:124,0
DA:125,0
DA:126,0
DA:127,0
DA:128,0
DA:129,0
DA:130,0
DA:131,0
DA:134,0
DA:141,0
DA:142,0
DA:143,0
DA:144,0
DA:147,0
DA:148,0
DA:150,0
DA:151,0
DA:152,0
DA:153,0
DA:154,0
DA:155,0
DA:156,0
DA:157,0
DA:158,0
DA:159,0
DA:160,0
DA:161,0
DA:162,0
DA:163,0
DA:164,0
DA:165,0
DA:166,0
DA:167,0
DA:168,0
DA:169,0
DA:170,0
DA:171,0
DA:172,0
DA:173,0
DA:174,0
DA:175,0
DA:176,0
DA:177,0
DA:178,0
DA:179,0
DA:180,0
DA:181,0
DA:182,0
DA:183,0
DA:184,0
DA:185,0
DA:186,0
DA:187,0
DA:188,0
DA:189,0
DA:190,0
DA:191,0
DA:192,0
DA:193,0
DA:194,0
DA:201,1
DA:202,4
DA:203,3
DA:204,2
DA:207,6
DA:208,4
DA:210,0
DA:211,0
DA:212,0
DA:213,0
DA:214,0
DA:215,0
DA:216,0
DA:217,0
DA:218,0
DA:219,0
DA:221,0
DA:222,0
DA:223,0
DA:224,0
DA:225,0
DA:226,0
DA:227,0
DA:228,0
DA:229,0
DA:231,0
DA:232,0
DA:233,0
DA:234,0
DA:235,0
DA:236,0
DA:237,0
DA:238,0
DA:239,0
DA:241,0
DA:242,0
DA:243,0
DA:244,0
DA:245,0
DA:246,0
DA:247,0
DA:248,0
DA:249,0
DA:251,0
DA:252,0
DA:253,0
DA:254,0
DA:255,0
DA:256,0
DA:257,0
DA:258,0
DA:259,0
end_of_record
TN:Items: Set-Get Token Name Case
SF:/Users/deployer/Desktop/StacksDegens/smart-contracts/sfts-advanced/contracts/main-sc.clar
FN:16,transfer-wrapper
FN:27,get-balance-wrapper
FN:40,create-balance-tuple
FN:43,get-data-balance-all-items
FN:65,mint-wrapper
FN:75,mint-wrapper-user
FN:85,mint-wrapper-admin
FN:97,mint-rewards
FN:103,burn-wrapper
FN:114,is-owned-needed-wrapper
FN:125,verified-ownership-function
FN:132,get-starter-kit-status
FN:136,claim-starter-kit
FN:155,get-level-up-resources
FN:147,level-up
FN:159,set-level-up-resources
FN:198,get-data-level-up
FN:201,get-all-level-up-data
FN:216,get-crafting-resources
FN:208,craft-item
FN:220,set-crafting-resources
FN:251,get-data-crafting
FN:254,get-all-crafting-data
FN:269,get-acquisition-resources
FN:261,buy-item
FN:273,set-acquisition-resources
FN:310,get-data-acquisition
FN:313,get-all-acquisition-data
FN:329,get-fight-needed-resources
FN:321,start-fight
FN:333,set-fight-needed-resources
FN:351,get-data-fight-resources
FN:354,get-all-fight-resources-data
FN:369,get-fight-rewards
FN:361,reward-fighting
FN:373,set-fight-rewards
FN:391,get-data-fight-rewards
FN:394,get-all-fight-rewards-data
FN:409,get-sleeping-rewards
FN:401,reward-sleeping
FN:413,set-sleeping-rewards
FN:424,get-data-sleeping-rewards
FN:427,get-all-sleeping-rewards-data
FN:442,get-mining-rewards
FN:434,reward-mining
FN:446,set-mining-rewards
FN:468,get-data-mining-rewards
FN:474,get-all-mining-rewards-data
FN:489,get-harvesting-rewards
FN:481,reward-harvesting
FN:493,set-harvesting-rewards
FN:514,get-data-harvesting-rewards
FN:520,get-all-harvesting-rewards-data
FNF:53
FNH:0
end_of_record
TN:Items: Set-Get Token Name Case
SF:/Users/deployer/Desktop/StacksDegens/smart-contracts/sfts-advanced/contracts/resources.clar
FN:18,get-contract-admin
FN:21,set-contract-admin
FN:67,get-balance-uint
FN:28,is-owned-needed
FN:31,tag-nft-token-id
FN:64,set-balance
FN:76,get-total-supply
FN:40,mint
FN:51,mint-user
FN:70,get-balance
FN:73,get-overall-balance
FN:79,get-overall-supply
FN:82,get-decimals
FN:87,transfer
FN:113,transfer-many-iter
FN:100,transfer-many
FN:103,transfer-memo
FN:116,transfer-many-memo-iter
FN:109,transfer-many-memo
FN:121,burn
FN:131,burn-wrapper
FN:138,set-token-uri
FN:144,get-token-uri
FN:157,set-token-name
FN:163,get-token-name
FNF:25
FNH:0
end_of_record
TN:Items: Set-Get Token Name Case
SF:/Users/deployer/Desktop/StacksDegens/smart-contracts/sfts-advanced/contracts/sip013-semi-fungible-token-trait.clar
FNF:0
FNH:0
end_of_record
TN:Items: Set-Get Token Name Case
SF:/Users/deployer/Desktop/StacksDegens/smart-contracts/sfts-advanced/contracts/sip013-transfer-many-trait.clar
FNF:0
FNH:0
end_of_record
TN:Items: Set-Get Token URI Case
SF:/Users/deployer/Desktop/StacksDegens/smart-contracts/sfts-advanced/contracts/collection-1.clar
FN:18,get-contract-admin
FN:21,set-contract-admin
FN:69,get-balance-uint
FN:28,is-owned-needed
FN:31,tag-nft-token-id
FN:65,set-balance
FN:78,get-total-supply
FN:40,mint
FN:52,mint-user
FN:72,get-balance
FN:75,get-overall-balance
FN:81,get-overall-supply
FN:84,get-decimals
FN:89,transfer
FN:114,transfer-many-iter
FN:101,transfer-many
FN:104,transfer-memo
FN:117,transfer-many-memo-iter
FN:110,transfer-many-memo
FN:122,burn
FN:132,burn-wrapper
FN:139,set-token-uri
FN:145,get-token-uri
FN:162,set-token-name
FN:168,get-token-name
FNF:25
FNH:0
end_of_record
TN:Items: Set-Get Token URI Case
SF:/Users/deployer/Desktop/StacksDegens/smart-contracts/sfts-advanced/contracts/items.clar
FN:18,get-contract-admin
FN:21,set-contract-admin
FN:67,get-balance-uint
FN:28,is-owned-needed
FN:31,tag-nft-token-id
FN:64,set-balance
FN:76,get-total-supply
FN:40,mint
FN:51,mint-user
FN:70,get-balance
FN:73,get-overall-balance
FN:79,get-overall-supply
FN:82,get-decimals
FN:87,transfer
FN:114,transfer-many-iter
FN:99,transfer-many
FN:102,transfer-memo
FN:117,transfer-many-memo-iter
FN:108,transfer-many-memo
FN:111,transfer-wrapper
FN:122,burn
FN:132,burn-wrapper
FN:139,set-token-uri
FN:145,get-token-uri
FN:199,set-token-name
FN:205,get-token-name
FNDA:2,get-token-uri
FNDA:1,mint-user
FNDA:1,set-token-uri
FNF:26
FNH:3
DA:0,4
DA:20,0
DA:23,0
DA:24,0
DA:25,0
DA:30,0
DA:33,0
DA:34,0
DA:35,0
DA:36,0
DA:37,0
DA:42,0
DA:43,0
DA:44,0
DA:45,0
DA:46,0
DA:47,0
DA:48,0
DA:49,0
DA:50,0
DA:53,1
DA:54,5
DA:55,0
DA:56,0
DA:57,0
DA:58,0
DA:59,0
DA:60,0
DA:61,0
DA:66,0
DA:69,0
DA:72,0
DA:75,0
DA:78,0
DA:81,0
DA:84,0
DA:89,0
DA:90,0
DA:91,0
DA:92,0
DA:93,0
DA:94,0
DA:95,0
DA:96,0
DA:97,0
DA:98,0
DA:101,0
DA:104,0
DA:105,0
DA:106,0
DA:107,0
DA:110,0
DA:113,0
DA:116,0
DA:119,0
DA:124,0
DA:125,0
DA:126,0
DA:127,0
DA:128,0
DA:129,0
DA:130,0
DA:131,0
DA:134,0
DA:141,1
DA:142,4
DA:143,3
DA:144,2
DA:147,8
DA:148,4
DA:150,0
DA:151,0
DA:152,0
DA:153,0
DA:154,0
DA:155,0
DA:156,0
DA:157,0
DA:158,0
DA:159,0
DA:160,0
DA:161,0
DA:162,0
DA:163,0
DA:164,0
DA:165,0
DA:166,0
DA:167,0
DA:168,0
DA:169,0
DA:170,0
DA:171,0
DA:172,0
DA:173,0
DA:174,0
DA:175,0
DA:176,0
DA:177,0
DA:178,0
DA:179,0
DA:180,0
DA:181,0
DA:182,0
DA:183,0
DA:184,0
DA:185,0
DA:186,0
DA:187,0
DA:188,0
DA:189,0
DA:190,0
DA:191,0
DA:192,0
DA:193,0
DA:194,0
DA:201,0
DA:202,0
DA:203,0
DA:204,0
DA:207,0
DA:208,0
DA:210,0
DA:211,0
DA:212,0
DA:213,0
DA:214,0
DA:215,0
DA:216,0
DA:217,0
DA:218,0
DA:219,0
DA:221,0
DA:222,0
DA:223,0
DA:224,0
DA:225,0
DA:226,0
DA:227,0
DA:228,0
DA:229,0
DA:231,0
DA:232,0
DA:233,0
DA:234,0
DA:235,0
DA:236,0
DA:237,0
DA:238,0
DA:239,0
DA:241,0
DA:242,0
DA:243,0
DA:244,0
DA:245,0
DA:246,0
DA:247,0
DA:248,0
DA:249,0
DA:251,0
DA:252,0
DA:253,0
DA:254,0
DA:255,0
DA:256,0
DA:257,0
DA:258,0
DA:259,0
end_of_record
TN:Items: Set-Get Token URI Case
SF:/Users/deployer/Desktop/StacksDegens/smart-contracts/sfts-advanced/contracts/main-sc.clar
FN:16,transfer-wrapper
FN:27,get-balance-wrapper
FN:40,create-balance-tuple
FN:43,get-data-balance-all-items
FN:65,mint-wrapper
FN:75,mint-wrapper-user
FN:85,mint-wrapper-admin
FN:97,mint-rewards
FN:103,burn-wrapper
FN:114,is-owned-needed-wrapper
FN:125,verified-ownership-function
FN:132,get-starter-kit-status
FN:136,claim-starter-kit
FN:155,get-level-up-resources
FN:147,level-up
FN:159,set-level-up-resources
FN:198,get-data-level-up
FN:201,get-all-level-up-data
FN:216,get-crafting-resources
FN:208,craft-item
FN:220,set-crafting-resources
FN:251,get-data-crafting
FN:254,get-all-crafting-data
FN:269,get-acquisition-resources
FN:261,buy-item
FN:273,set-acquisition-resources
FN:310,get-data-acquisition
FN:313,get-all-acquisition-data
FN:329,get-fight-needed-resources
FN:321,start-fight
FN:333,set-fight-needed-resources
FN:351,get-data-fight-resources
FN:354,get-all-fight-resources-data
FN:369,get-fight-rewards
FN:361,reward-fighting
FN:373,set-fight-rewards
FN:391,get-data-fight-rewards
FN:394,get-all-fight-rewards-data
FN:409,get-sleeping-rewards
FN:401,reward-sleeping
FN:413,set-sleeping-rewards
FN:424,get-data-sleeping-rewards
FN:427,get-all-sleeping-rewards-data
FN:442,get-mining-rewards
FN:434,reward-mining
FN:446,set-mining-rewards
FN:468,get-data-mining-rewards
FN:474,get-all-mining-rewards-data
FN:489,get-harvesting-rewards
FN:481,reward-harvesting
FN:493,set-harvesting-rewards
FN:514,get-data-harvesting-rewards
FN:520,get-all-harvesting-rewards-data
FNF:53
FNH:0
end_of_record
TN:Items: Set-Get Token URI Case
SF:/Users/deployer/Desktop/StacksDegens/smart-contracts/sfts-advanced/contracts/resources.clar
FN:18,get-contract-admin
FN:21,set-contract-admin
FN:67,get-balance-uint
FN:28,is-owned-needed
FN:31,tag-nft-token-id
FN:64,set-balance
FN:76,get-total-supply
FN:40,mint
FN:51,mint-user
FN:70,get-balance
FN:73,get-overall-balance
FN:79,get-overall-supply
FN:82,get-decimals
FN:87,transfer
FN:113,transfer-many-iter
FN:100,transfer-many
FN:103,transfer-memo
FN:116,transfer-many-memo-iter
FN:109,transfer-many-memo
FN:121,burn
FN:131,burn-wrapper
FN:138,set-token-uri
FN:144,get-token-uri
FN:157,set-token-name
FN:163,get-token-name
FNF:25
FNH:0
end_of_record
TN:Items: Set-Get Token URI Case
SF:/Users/deployer/Desktop/StacksDegens/smart-contracts/sfts-advanced/contracts/sip013-semi-fungible-token-trait.clar
FNF:0
FNH:0
end_of_record
TN:Items: Set-Get Token URI Case
SF:/Users/deployer/Desktop/StacksDegens/smart-contracts/sfts-advanced/contracts/sip013-transfer-many-trait.clar
FNF:0
FNH:0
end_of_record
TN:Items: Transfer case
SF:/Users/deployer/Desktop/StacksDegens/smart-contracts/sfts-advanced/contracts/collection-1.clar
FN:18,get-contract-admin
FN:21,set-contract-admin
FN:69,get-balance-uint
FN:28,is-owned-needed
FN:31,tag-nft-token-id
FN:65,set-balance
FN:78,get-total-supply
FN:40,mint
FN:52,mint-user
FN:72,get-balance
FN:75,get-overall-balance
FN:81,get-overall-supply
FN:84,get-decimals
FN:89,transfer
FN:114,transfer-many-iter
FN:101,transfer-many
FN:104,transfer-memo
FN:117,transfer-many-memo-iter
FN:110,transfer-many-memo
FN:122,burn
FN:132,burn-wrapper
FN:139,set-token-uri
FN:145,get-token-uri
FN:162,set-token-name
FN:168,get-token-name
FNF:25
FNH:0
end_of_record
TN:Items: Transfer case
SF:/Users/deployer/Desktop/StacksDegens/smart-contracts/sfts-advanced/contracts/items.clar
FN:18,get-contract-admin
FN:21,set-contract-admin
FN:67,get-balance-uint
FN:28,is-owned-needed
FN:31,tag-nft-token-id
FN:64,set-balance
FN:76,get-total-supply
FN:40,mint
FN:51,mint-user
FN:70,get-balance
FN:73,get-overall-balance
FN:79,get-overall-supply
FN:82,get-decimals
FN:87,transfer
FN:114,transfer-many-iter
FN:99,transfer-many
FN:102,transfer-memo
FN:117,transfer-many-memo-iter
FN:108,transfer-many-memo
FN:111,transfer-wrapper
FN:122,burn
FN:132,burn-wrapper
FN:139,set-token-uri
FN:145,get-token-uri
FN:199,set-token-name
FN:205,get-token-name
FNDA:5,get-balance-uint
FNDA:1,get-total-supply
FNDA:1,mint
FNDA:2,set-balance
FNDA:2,tag-nft-token-id
FNDA:4,transfer
FNDA:1,transfer-many
FNDA:1,transfer-many-iter
FNDA:1,transfer-many-memo
FNDA:1,transfer-many-memo-iter
FNDA:2,transfer-memo
FNDA:1,transfer-wrapper
FNF:26
FNH:12
DA:0,18
DA:20,0
DA:23,0
DA:24,0
DA:25,0
DA:30,0
DA:33,3
DA:34,3
DA:35,9
DA:36,5
DA:37,12
DA:42,1
DA:43,4
DA:44,4
DA:45,4
DA:46,4
DA:47,8
DA:48,7
DA:49,5
DA:50,2
DA:53,0
DA:54,0
DA:55,0
DA:56,0
DA:57,0
DA:58,0
DA:59,0
DA:60,0
DA:61,0
DA:66,12
DA:69,30
DA:72,0
DA:75,0
DA:78,5
DA:81,0
DA:84,0
DA:89,16
DA:90,20
DA:91,19
DA:92,5
DA:93,4
DA:94,4
DA:95,6
DA:96,8
DA:97,6
DA:98,2
DA:101,4
DA:104,2
DA:105,12
DA:106,2
DA:107,2
DA:110,4
DA:113,7
DA:116,11
DA:119,13
DA:124,0
DA:125,0
DA:126,0
DA:127,0
DA:128,0
DA:129,0
DA:130,0
DA:131,0
DA:134,0
DA:141,0
DA:142,0
DA:143,0
DA:144,0
DA:147,0
DA:148,0
DA:150,0
DA:151,0
DA:152,0
DA:153,0
DA:154,0
DA:155,0
DA:156,0
DA:157,0
DA:158,0
DA:159,0
DA:160,0
DA:161,0
DA:162,0
DA:163,0
DA:164,0
DA:165,0
DA:166,0
DA:167,0
DA:168,0
DA:169,0
DA:170,0
DA:171,0
DA:172,0
DA:173,0
DA:174,0
DA:175,0
DA:176,0
DA:177,0
DA:178,0
DA:179,0
DA:180,0
DA:181,0
DA:182,0
DA:183,0
DA:184,0
DA:185,0
DA:186,0
DA:187,0
DA:188,0
DA:189,0
DA:190,0
DA:191,0
DA:192,0
DA:193,0
DA:194,0
DA:201,0
DA:202,0
DA:203,0
DA:204,0
DA:207,0
DA:208,0
DA:210,0
DA:211,0
DA:212,0
DA:213,0
DA:214,0
DA:215,0
DA:216,0
DA:217,0
DA:218,0
DA:219,0
DA:221,0
DA:222,0
DA:223,0
DA:224,0
DA:225,0
DA:226,0
DA:227,0
DA:228,0
DA:229,0
DA:231,0
DA:232,0
DA:233,0
DA:234,0
DA:235,0
DA:236,0
DA:237,0
DA:238,0
DA:239,0
DA:241,0
DA:242,0
DA:243,0
DA:244,0
DA:245,0
DA:246,0
DA:247,0
DA:248,0
DA:249,0
DA:251,0
DA:252,0
DA:253,0
DA:254,0
DA:255,0
DA:256,0
DA:257,0
DA:258,0
DA:259,0
end_of_record
TN:Items: Transfer case
SF:/Users/deployer/Desktop/StacksDegens/smart-contracts/sfts-advanced/contracts/main-sc.clar
FN:16,transfer-wrapper
FN:27,get-balance-wrapper
FN:40,create-balance-tuple
FN:43,get-data-balance-all-items
FN:65,mint-wrapper
FN:75,mint-wrapper-user
FN:85,mint-wrapper-admin
FN:97,mint-rewards
FN:103,burn-wrapper
FN:114,is-owned-needed-wrapper
FN:125,verified-ownership-function
FN:132,get-starter-kit-status
FN:136,claim-starter-kit
FN:155,get-level-up-resources
FN:147,level-up
FN:159,set-level-up-resources
FN:198,get-data-level-up
FN:201,get-all-level-up-data
FN:216,get-crafting-resources
FN:208,craft-item
FN:220,set-crafting-resources
FN:251,get-data-crafting
FN:254,get-all-crafting-data
FN:269,get-acquisition-resources
FN:261,buy-item
FN:273,set-acquisition-resources
FN:310,get-data-acquisition
FN:313,get-all-acquisition-data
FN:329,get-fight-needed-resources
FN:321,start-fight
FN:333,set-fight-needed-resources
FN:351,get-data-fight-resources
FN:354,get-all-fight-resources-data
FN:369,get-fight-rewards
FN:361,reward-fighting
FN:373,set-fight-rewards
FN:391,get-data-fight-rewards
FN:394,get-all-fight-rewards-data
FN:409,get-sleeping-rewards
FN:401,reward-sleeping
FN:413,set-sleeping-rewards
FN:424,get-data-sleeping-rewards
FN:427,get-all-sleeping-rewards-data
FN:442,get-mining-rewards
FN:434,reward-mining
FN:446,set-mining-rewards
FN:468,get-data-mining-rewards
FN:474,get-all-mining-rewards-data
FN:489,get-harvesting-rewards
FN:481,reward-harvesting
FN:493,set-harvesting-rewards
FN:514,get-data-harvesting-rewards
FN:520,get-all-harvesting-rewards-data
FNF:53
FNH:0
end_of_record
TN:Items: Transfer case
SF:/Users/deployer/Desktop/StacksDegens/smart-contracts/sfts-advanced/contracts/resources.clar
FN:18,get-contract-admin
FN:21,set-contract-admin
FN:67,get-balance-uint
FN:28,is-owned-needed
FN:31,tag-nft-token-id
FN:64,set-balance
FN:76,get-total-supply
FN:40,mint
FN:51,mint-user
FN:70,get-balance
FN:73,get-overall-balance
FN:79,get-overall-supply
FN:82,get-decimals
FN:87,transfer
FN:113,transfer-many-iter
FN:100,transfer-many
FN:103,transfer-memo
FN:116,transfer-many-memo-iter
FN:109,transfer-many-memo
FN:121,burn
FN:131,burn-wrapper
FN:138,set-token-uri
FN:144,get-token-uri
FN:157,set-token-name
FN:163,get-token-name
FNF:25
FNH:0
end_of_record
TN:Items: Transfer case
SF:/Users/deployer/Desktop/StacksDegens/smart-contracts/sfts-advanced/contracts/sip013-semi-fungible-token-trait.clar
FNF:0
FNH:0
end_of_record
TN:Items: Transfer case
SF:/Users/deployer/Desktop/StacksDegens/smart-contracts/sfts-advanced/contracts/sip013-transfer-many-trait.clar
FNF:0
FNH:0
end_of_record
TN:Main-SC: Acquisition Case
SF:/Users/deployer/Desktop/StacksDegens/smart-contracts/sfts-advanced/contracts/collection-1.clar
FN:18,get-contract-admin
FN:21,set-contract-admin
FN:69,get-balance-uint
FN:28,is-owned-needed
FN:31,tag-nft-token-id
FN:65,set-balance
FN:78,get-total-supply
FN:40,mint
FN:52,mint-user
FN:72,get-balance
FN:75,get-overall-balance
FN:81,get-overall-supply
FN:84,get-decimals
FN:89,transfer
FN:114,transfer-many-iter
FN:101,transfer-many
FN:104,transfer-memo
FN:117,transfer-many-memo-iter
FN:110,transfer-many-memo
FN:122,burn
FN:132,burn-wrapper
FN:139,set-token-uri
FN:145,get-token-uri
FN:162,set-token-name
FN:168,get-token-name
FNF:25
FNH:0
end_of_record
TN:Main-SC: Acquisition Case
SF:/Users/deployer/Desktop/StacksDegens/smart-contracts/sfts-advanced/contracts/items.clar
FN:18,get-contract-admin
FN:21,set-contract-admin
FN:67,get-balance-uint
FN:28,is-owned-needed
FN:31,tag-nft-token-id
FN:64,set-balance
FN:76,get-total-supply
FN:40,mint
FN:51,mint-user
FN:70,get-balance
FN:73,get-overall-balance
FN:79,get-overall-supply
FN:82,get-decimals
FN:87,transfer
FN:114,transfer-many-iter
FN:99,transfer-many
FN:102,transfer-memo
FN:117,transfer-many-memo-iter
FN:108,transfer-many-memo
FN:111,transfer-wrapper
FN:122,burn
FN:132,burn-wrapper
FN:139,set-token-uri
FN:145,get-token-uri
FN:199,set-token-name
FN:205,get-token-name
FNDA:17,get-balance-uint
FNDA:17,get-total-supply
FNDA:17,mint-user
FNDA:17,set-balance
FNDA:17,tag-nft-token-id
FNF:26
FNH:5
DA:0,68
DA:20,0
DA:23,0
DA:24,0
DA:25,0
DA:30,0
DA:33,17
DA:34,17
DA:35,51
DA:36,0
DA:37,68
DA:42,0
DA:43,0
DA:44,0
DA:45,0
DA:46,0
DA:47,0
DA:48,0
DA:49,0
DA:50,0
DA:53,17
DA:54,68
DA:55,68
DA:56,68
DA:57,68
DA:58,136
DA:59,119
DA:60,85
DA:61,34
DA:66,68
DA:69,85
DA:72,0
DA:75,0
DA:78,85
DA:81,0
DA:84,0
DA:89,0
DA:90,0
DA:91,0
DA:92,0
DA:93,0
DA:94,0
DA:95,0
DA:96,0
DA:97,0
DA:98,0
DA:101,0
DA:104,0
DA:105,0
DA:106,0
DA:107,0
DA:110,0
DA:113,0
DA:116,0
DA:119,0
DA:124,0
DA:125,0
DA:126,0
DA:127,0
DA:128,0
DA:129,0
DA:130,0
DA:131,0
DA:134,0
DA:141,0
DA:142,0
DA:143,0
DA:144,0
DA:147,0
DA:148,0
DA:150,0
DA:151,0
DA:152,0
DA:153,0
DA:154,0
DA:155,0
DA:156,0
DA:157,0
DA:158,0
DA:159,0
DA:160,0
DA:161,0
DA:162,0
DA:163,0
DA:164,0
DA:165,0
DA:166,0
DA:167,0
DA:168,0
DA:169,0
DA:170,0
DA:171,0
DA:172,0
DA:173,0
DA:174,0
DA:175,0
DA:176,0
DA:177,0
DA:178,0
DA:179,0
DA:180,0
DA:181,0
DA:182,0
DA:183,0
DA:184,0
DA:185,0
DA:186,0
DA:187,0
DA:188,0
DA:189,0
DA:190,0
DA:191,0
DA:192,0
DA:193,0
DA:194,0
DA:201,0
DA:202,0
DA:203,0
DA:204,0
DA:207,0
DA:208,0
DA:210,0
DA:211,0
DA:212,0
DA:213,0
DA:214,0
DA:215,0
DA:216,0
DA:217,0
DA:218,0
DA:219,0
DA:221,0
DA:222,0
DA:223,0
DA:224,0
DA:225,0
DA:226,0
DA:227,0
DA:228,0
DA:229,0
DA:231,0
DA:232,0
DA:233,0
DA:234,0
DA:235,0
DA:236,0
DA:237,0
DA:238,0
DA:239,0
DA:241,0
DA:242,0
DA:243,0
DA:244,0
DA:245,0
DA:246,0
DA:247,0
DA:248,0
DA:249,0
DA:251,0
DA:252,0
DA:253,0
DA:254,0
DA:255,0
DA:256,0
DA:257,0
DA:258,0
DA:259,0
end_of_record
TN:Main-SC: Acquisition Case
SF:/Users/deployer/Desktop/StacksDegens/smart-contracts/sfts-advanced/contracts/main-sc.clar
FN:16,transfer-wrapper
FN:27,get-balance-wrapper
FN:40,create-balance-tuple
FN:43,get-data-balance-all-items
FN:65,mint-wrapper
FN:75,mint-wrapper-user
FN:85,mint-wrapper-admin
FN:97,mint-rewards
FN:103,burn-wrapper
FN:114,is-owned-needed-wrapper
FN:125,verified-ownership-function
FN:132,get-starter-kit-status
FN:136,claim-starter-kit
FN:155,get-level-up-resources
FN:147,level-up
FN:159,set-level-up-resources
FN:198,get-data-level-up
FN:201,get-all-level-up-data
FN:216,get-crafting-resources
FN:208,craft-item
FN:220,set-crafting-resources
FN:251,get-data-crafting
FN:254,get-all-crafting-data
FN:269,get-acquisition-resources
FN:261,buy-item
FN:273,set-acquisition-resources
FN:310,get-data-acquisition
FN:313,get-all-acquisition-data
FN:329,get-fight-needed-resources
FN:321,start-fight
FN:333,set-fight-needed-resources
FN:351,get-data-fight-resources
FN:354,get-all-fight-resources-data
FN:369,get-fight-rewards
FN:361,reward-fighting
FN:373,set-fight-rewards
FN:391,get-data-fight-rewards
FN:394,get-all-fight-rewards-data
FN:409,get-sleeping-rewards
FN:401,reward-sleeping
FN:413,set-sleeping-rewards
FN:424,get-data-sleeping-rewards
FN:427,get-all-sleeping-rewards-data
FN:442,get-mining-rewards
FN:434,reward-mining
FN:446,set-mining-rewards
FN:468,get-data-mining-rewards
FN:474,get-all-mining-rewards-data
FN:489,get-harvesting-rewards
FN:481,reward-harvesting
FN:493,set-harvesting-rewards
FN:514,get-data-harvesting-rewards
FN:520,get-all-harvesting-rewards-data
FNDA:17,burn-wrapper
FNDA:17,buy-item
FNDA:17,get-acquisition-resources
FNDA:17,is-owned-needed-wrapper
FNDA:36,mint-wrapper
FNDA:17,mint-wrapper-user
FNDA:17,verified-ownership-function
FNF:53
FNH:7
DA:0,178
DA:18,0
DA:19,0
DA:20,0
DA:21,0
DA:22,0
DA:23,0
DA:24,0
DA:30,0
DA:31,0
DA:32,0
DA:33,0
DA:34,0
DA:35,0
DA:36,0
DA:41,0
DA:44,0
DA:68,144
DA:69,144
DA:70,0
DA:71,0
DA:72,0
DA:73,0
DA:74,0
DA:78,68
DA:79,0
DA:80,68
DA:81,85
DA:82,0
DA:83,0
DA:84,0
DA:87,0
DA:88,0
DA:89,0
DA:90,0
DA:91,0
DA:92,0
DA:93,0
DA:94,0
DA:95,0
DA:96,0
DA:100,0
DA:105,180
DA:106,216
DA:107,0
DA:108,0
DA:109,0
DA:110,0
DA:111,0
DA:117,36
DA:118,180
DA:119,72
DA:120,0
DA:121,0
DA:122,0
DA:123,0
DA:124,0
DA:127,68
DA:134,0
DA:135,0
DA:138,0
DA:139,0
DA:140,0
DA:141,0
DA:142,0
DA:149,0
DA:150,0
DA:151,0
DA:152,0
DA:153,0
DA:154,0
DA:157,0
DA:158,0
DA:161,0
DA:162,0
DA:163,0
DA:165,0
DA:166,0
DA:167,0
DA:168,0
DA:169,0
DA:170,0
DA:171,0
DA:172,0
DA:173,0
DA:174,0
DA:175,0
DA:176,0
DA:177,0
DA:178,0
DA:179,0
DA:180,0
DA:181,0
DA:182,0
DA:183,0
DA:184,0
DA:185,0
DA:186,0
DA:187,0
DA:188,0
DA:189,0
DA:190,0
DA:191,0
DA:192,0
DA:193,0
DA:194,0
DA:195,0
DA:200,0
DA:203,0
DA:210,0
DA:211,0
DA:212,0
DA:213,0
DA:214,0
DA:215,0
DA:218,0
DA:219,0
DA:222,0
DA:223,0
DA:224,0
DA:226,0
DA:227,0
DA:228,0
DA:229,0
DA:230,0
DA:231,0
DA:232,0
DA:233,0
DA:234,0
DA:235,0
DA:236,0
DA:237,0
DA:238,0
DA:239,0
DA:240,0
DA:241,0
DA:243,0
DA:244,0
DA:245,0
DA:246,0
DA:247,0
DA:248,0
DA:253,0
DA:256,0
DA:263,17
DA:264,102
DA:265,68
DA:266,68
DA:267,68
DA:268,68
DA:271,102
DA:272,68
DA:275,0
DA:276,0
DA:277,0
DA:279,0
DA:280,0
DA:281,0
DA:282,0
DA:283,0
DA:284,0
DA:285,0
DA:286,0
DA:287,0
DA:288,0
DA:289,0
DA:290,0
DA:291,0
DA:292,0
DA:293,0
DA:294,0
DA:295,0
DA:296,0
DA:297,0
DA:298,0
DA:300,0
DA:301,0
DA:302,0
DA:303,0
DA:304,0
DA:305,0
DA:306,0
DA:307,0
DA:312,0
DA:315,0
DA:323,0
DA:324,0
DA:325,0
DA:326,0
DA:327,0
DA:328,0
DA:331,0
DA:332,0
DA:335,0
DA:336,0
DA:337,0
DA:339,0
DA:340,0
DA:341,0
DA:342,0
DA:343,0
DA:344,0
DA:345,0
DA:346,0
DA:347,0
DA:348,0
DA:353,0
DA:356,0
DA:363,0
DA:364,0
DA:365,0
DA:366,0
DA:367,0
DA:368,0
DA:371,0
DA:372,0
DA:375,0
DA:376,0
DA:377,0
DA:379,0
DA:380,0
DA:381,0
DA:382,0
DA:383,0
DA:384,0
DA:385,0
DA:386,0
DA:387,0
DA:388,0
DA:393,0
DA:396,0
DA:403,0
DA:404,0
DA:405,0
DA:406,0
DA:407,0
DA:408,0
DA:411,0
DA:412,0
DA:415,0
DA:416,0
DA:417,0
DA:419,0
DA:420,0
DA:421,0
DA:426,0
DA:429,0
DA:436,0
DA:437,0
DA:438,0
DA:439,0
DA:440,0
DA:441,0
DA:444,0
DA:445,0
DA:448,0
DA:449,0
DA:450,0
DA:452,0
DA:453,0
DA:454,0
DA:455,0
DA:456,0
DA:457,0
DA:458,0
DA:459,0
DA:460,0
DA:461,0
DA:470,0
DA:471,0
DA:472,0
DA:473,0
DA:476,0
DA:483,0
DA:484,0
DA:485,0
DA:486,0
DA:487,0
DA:488,0
DA:491,0
DA:492,0
DA:495,0
DA:496,0
DA:497,0
DA:499,0
DA:500,0
DA:501,0
DA:502,0
DA:503,0
DA:504,0
DA:505,0
DA:506,0
DA:507,0
DA:516,0
DA:517,0
DA:518,0
DA:519,0
DA:522,0
end_of_record
TN:Main-SC: Acquisition Case
SF:/Users/deployer/Desktop/StacksDegens/smart-contracts/sfts-advanced/contracts/resources.clar
FN:18,get-contract-admin
FN:21,set-contract-admin
FN:67,get-balance-uint
FN:28,is-owned-needed
FN:31,tag-nft-token-id
FN:64,set-balance
FN:76,get-total-supply
FN:40,mint
FN:51,mint-user
FN:70,get-balance
FN:73,get-overall-balance
FN:79,get-overall-supply
FN:82,get-decimals
FN:87,transfer
FN:113,transfer-many-iter
FN:100,transfer-many
FN:103,transfer-memo
FN:116,transfer-many-memo-iter
FN:109,transfer-many-memo
FN:121,burn
FN:131,burn-wrapper
FN:138,set-token-uri
FN:144,get-token-uri
FN:157,set-token-name
FN:163,get-token-name
FNDA:17,burn
FNDA:53,get-balance-uint
FNDA:36,get-total-supply
FNDA:17,is-owned-needed
FNDA:36,mint
FNDA:53,set-balance
FNDA:53,tag-nft-token-id
FNF:25
FNH:7
DA:0,324
DA:20,0
DA:23,0
DA:24,0
DA:25,0
DA:30,288
DA:33,72
DA:34,72
DA:35,216
DA:36,345
DA:37,288
DA:42,36
DA:43,144
DA:44,144
DA:45,144
DA:46,144
DA:47,288
DA:48,252
DA:49,180
DA:50,72
DA:53,0
DA:54,0
DA:55,0
DA:56,0
DA:57,0
DA:58,0
DA:59,0
DA:60,0
DA:61,0
DA:66,288
DA:69,540
DA:72,0
DA:75,0
DA:78,180
DA:81,0
DA:84,0
DA:90,0
DA:91,0
DA:92,0
DA:93,0
DA:94,0
DA:95,0
DA:96,0
DA:97,0
DA:98,0
DA:99,0
DA:102,0
DA:105,0
DA:106,0
DA:107,0
DA:108,0
DA:112,0
DA:115,0
DA:118,0
DA:123,144
DA:124,180
DA:125,144
DA:126,144
DA:127,144
DA:128,216
DA:129,180
DA:130,72
DA:133,0
DA:140,0
DA:141,0
DA:142,0
DA:143,0
DA:146,0
DA:147,0
DA:149,0
DA:150,0
DA:151,0
DA:152,0
DA:159,0
DA:160,0
DA:161,0
DA:162,0
DA:165,0
DA:166,0
DA:168,0
DA:169,0
DA:170,0
DA:171,0
end_of_record
TN:Main-SC: Acquisition Case
SF:/Users/deployer/Desktop/StacksDegens/smart-contracts/sfts-advanced/contracts/sip013-semi-fungible-token-trait.clar
FNF:0
FNH:0
end_of_record
TN:Main-SC: Acquisition Case
SF:/Users/deployer/Desktop/StacksDegens/smart-contracts/sfts-advanced/contracts/sip013-transfer-many-trait.clar
FNF:0
FNH:0
end_of_record
TN:Main-SC: Acquisition with less resources Case
SF:/Users/deployer/Desktop/StacksDegens/smart-contracts/sfts-advanced/contracts/collection-1.clar
FN:18,get-contract-admin
FN:21,set-contract-admin
FN:69,get-balance-uint
FN:28,is-owned-needed
FN:31,tag-nft-token-id
FN:65,set-balance
FN:78,get-total-supply
FN:40,mint
FN:52,mint-user
FN:72,get-balance
FN:75,get-overall-balance
FN:81,get-overall-supply
FN:84,get-decimals
FN:89,transfer
FN:114,transfer-many-iter
FN:101,transfer-many
FN:104,transfer-memo
FN:117,transfer-many-memo-iter
FN:110,transfer-many-memo
FN:122,burn
FN:132,burn-wrapper
FN:139,set-token-uri
FN:145,get-token-uri
FN:162,set-token-name
FN:168,get-token-name
FNF:25
FNH:0
end_of_record
TN:Main-SC: Acquisition with less resources Case
SF:/Users/deployer/Desktop/StacksDegens/smart-contracts/sfts-advanced/contracts/items.clar
FN:18,get-contract-admin
FN:21,set-contract-admin
FN:67,get-balance-uint
FN:28,is-owned-needed
FN:31,tag-nft-token-id
FN:64,set-balance
FN:76,get-total-supply
FN:40,mint
FN:51,mint-user
FN:70,get-balance
FN:73,get-overall-balance
FN:79,get-overall-supply
FN:82,get-decimals
FN:87,transfer
FN:114,transfer-many-iter
FN:99,transfer-many
FN:102,transfer-memo
FN:117,transfer-many-memo-iter
FN:108,transfer-many-memo
FN:111,transfer-wrapper
FN:122,burn
FN:132,burn-wrapper
FN:139,set-token-uri
FN:145,get-token-uri
FN:199,set-token-name
FN:205,get-token-name
FNDA:12,get-balance-uint
FNDA:12,get-total-supply
FNDA:12,mint-user
FNDA:12,set-balance
FNDA:12,tag-nft-token-id
FNF:26
FNH:5
DA:0,48
DA:20,0
DA:23,0
DA:24,0
DA:25,0
DA:30,0
DA:33,12
DA:34,12
DA:35,36
DA:36,0
DA:37,48
DA:42,0
DA:43,0
DA:44,0
DA:45,0
DA:46,0
DA:47,0
DA:48,0
DA:49,0
DA:50,0
DA:53,12
DA:54,48
DA:55,48
DA:56,48
DA:57,48
DA:58,96
DA:59,84
DA:60,60
DA:61,24
DA:66,48
DA:69,60
DA:72,0
DA:75,0
DA:78,60
DA:81,0
DA:84,0
DA:89,0
DA:90,0
DA:91,0
DA:92,0
DA:93,0
DA:94,0
DA:95,0
DA:96,0
DA:97,0
DA:98,0
DA:101,0
DA:104,0
DA:105,0
DA:106,0
DA:107,0
DA:110,0
DA:113,0
DA:116,0
DA:119,0
DA:124,0
DA:125,0
DA:126,0
DA:127,0
DA:128,0
DA:129,0
DA:130,0
DA:131,0
DA:134,0
DA:141,0
DA:142,0
DA:143,0
DA:144,0
DA:147,0
DA:148,0
DA:150,0
DA:151,0
DA:152,0
DA:153,0
DA:154,0
DA:155,0
DA:156,0
DA:157,0
DA:158,0
DA:159,0
DA:160,0
DA:161,0
DA:162,0
DA:163,0
DA:164,0
DA:165,0
DA:166,0
DA:167,0
DA:168,0
DA:169,0
DA:170,0
DA:171,0
DA:172,0
DA:173,0
DA:174,0
DA:175,0
DA:176,0
DA:177,0
DA:178,0
DA:179,0
DA:180,0
DA:181,0
DA:182,0
DA:183,0
DA:184,0
DA:185,0
DA:186,0
DA:187,0
DA:188,0
DA:189,0
DA:190,0
DA:191,0
DA:192,0
DA:193,0
DA:194,0
DA:201,0
DA:202,0
DA:203,0
DA:204,0
DA:207,0
DA:208,0
DA:210,0
DA:211,0
DA:212,0
DA:213,0
DA:214,0
DA:215,0
DA:216,0
DA:217,0
DA:218,0
DA:219,0
DA:221,0
DA:222,0
DA:223,0
DA:224,0
DA:225,0
DA:226,0
DA:227,0
DA:228,0
DA:229,0
DA:231,0
DA:232,0
DA:233,0
DA:234,0
DA:235,0
DA:236,0
DA:237,0
DA:238,0
DA:239,0
DA:241,0
DA:242,0
DA:243,0
DA:244,0
DA:245,0
DA:246,0
DA:247,0
DA:248,0
DA:249,0
DA:251,0
DA:252,0
DA:253,0
DA:254,0
DA:255,0
DA:256,0
DA:257,0
DA:258,0
DA:259,0
end_of_record
TN:Main-SC: Acquisition with less resources Case
SF:/Users/deployer/Desktop/StacksDegens/smart-contracts/sfts-advanced/contracts/main-sc.clar
FN:16,transfer-wrapper
FN:27,get-balance-wrapper
FN:40,create-balance-tuple
FN:43,get-data-balance-all-items
FN:65,mint-wrapper
FN:75,mint-wrapper-user
FN:85,mint-wrapper-admin
FN:97,mint-rewards
FN:103,burn-wrapper
FN:114,is-owned-needed-wrapper
FN:125,verified-ownership-function
FN:132,get-starter-kit-status
FN:136,claim-starter-kit
FN:155,get-level-up-resources
FN:147,level-up
FN:159,set-level-up-resources
FN:198,get-data-level-up
FN:201,get-all-level-up-data
FN:216,get-crafting-resources
FN:208,craft-item
FN:220,set-crafting-resources
FN:251,get-data-crafting
FN:254,get-all-crafting-data
FN:269,get-acquisition-resources
FN:261,buy-item
FN:273,set-acquisition-resources
FN:310,get-data-acquisition
FN:313,get-all-acquisition-data
FN:329,get-fight-needed-resources
FN:321,start-fight
FN:333,set-fight-needed-resources
FN:351,get-data-fight-resources
FN:354,get-all-fight-resources-data
FN:369,get-fight-rewards
FN:361,reward-fighting
FN:373,set-fight-rewards
FN:391,get-data-fight-rewards
FN:394,get-all-fight-rewards-data
FN:409,get-sleeping-rewards
FN:401,reward-sleeping
FN:413,set-sleeping-rewards
FN:424,get-data-sleeping-rewards
FN:427,get-all-sleeping-rewards-data
FN:442,get-mining-rewards
FN:434,reward-mining
FN:446,set-mining-rewards
FN:468,get-data-mining-rewards
FN:474,get-all-mining-rewards-data
FN:489,get-harvesting-rewards
FN:481,reward-harvesting
FN:493,set-harvesting-rewards
FN:514,get-data-harvesting-rewards
FN:520,get-all-harvesting-rewards-data
FNDA:12,burn-wrapper
FNDA:17,buy-item
FNDA:17,get-acquisition-resources
FNDA:17,is-owned-needed-wrapper
FNDA:31,mint-wrapper
FNDA:12,mint-wrapper-user
FNDA:17,verified-ownership-function
FNF:53
FNH:7
DA:0,160
DA:18,0
DA:19,0
DA:20,0
DA:21,0
DA:22,0
DA:23,0
DA:24,0
DA:30,0
DA:31,0
DA:32,0
DA:33,0
DA:34,0
DA:35,0
DA:36,0
DA:41,0
DA:44,0
DA:68,124
DA:69,124
DA:70,0
DA:71,0
DA:72,0
DA:73,0
DA:74,0
DA:78,48
DA:79,0
DA:80,48
DA:81,60
DA:82,0
DA:83,0
DA:84,0
DA:87,0
DA:88,0
DA:89,0
DA:90,0
DA:91,0
DA:92,0
DA:93,0
DA:94,0
DA:95,0
DA:96,0
DA:100,0
DA:105,125
DA:106,150
DA:107,0
DA:108,0
DA:109,0
DA:110,0
DA:111,0
DA:117,36
DA:118,180
DA:119,72
DA:120,0
DA:121,0
DA:122,0
DA:123,0
DA:124,0
DA:127,68
DA:134,0
DA:135,0
DA:138,0
DA:139,0
DA:140,0
DA:141,0
DA:142,0
DA:149,0
DA:150,0
DA:151,0
DA:152,0
DA:153,0
DA:154,0
DA:157,0
DA:158,0
DA:161,0
DA:162,0
DA:163,0
DA:165,0
DA:166,0
DA:167,0
DA:168,0
DA:169,0
DA:170,0
DA:171,0
DA:172,0
DA:173,0
DA:174,0
DA:175,0
DA:176,0
DA:177,0
DA:178,0
DA:179,0
DA:180,0
DA:181,0
DA:182,0
DA:183,0
DA:184,0
DA:185,0
DA:186,0
DA:187,0
DA:188,0
DA:189,0
DA:190,0
DA:191,0
DA:192,0
DA:193,0
DA:194,0
DA:195,0
DA:200,0
DA:203,0
DA:210,0
DA:211,0
DA:212,0
DA:213,0
DA:214,0
DA:215,0
DA:218,0
DA:219,0
DA:222,0
DA:223,0
DA:224,0
DA:226,0
DA:227,0
DA:228,0
DA:229,0
DA:230,0
DA:231,0
DA:232,0
DA:233,0
DA:234,0
DA:235,0
DA:236,0
DA:237,0
DA:238,0
DA:239,0
DA:240,0
DA:241,0
DA:243,0
DA:244,0
DA:245,0
DA:246,0
DA:247,0
DA:248,0
DA:253,0
DA:256,0
DA:263,17
DA:264,102
DA:265,68
DA:266,73
DA:267,48
DA:268,48
DA:271,102
DA:272,68
DA:275,0
DA:276,0
DA:277,0
DA:279,0
DA:280,0
DA:281,0
DA:282,0
DA:283,0
DA:284,0
DA:285,0
DA:286,0
DA:287,0
DA:288,0
DA:289,0
DA:290,0
DA:291,0
DA:292,0
DA:293,0
DA:294,0
DA:295,0
DA:296,0
DA:297,0
DA:298,0
DA:300,0
DA:301,0
DA:302,0
DA:303,0
DA:304,0
DA:305,0
DA:306,0
DA:307,0
DA:312,0
DA:315,0
DA:323,0
DA:324,0
DA:325,0
DA:326,0
DA:327,0
DA:328,0
DA:331,0
DA:332,0
DA:335,0
DA:336,0
DA:337,0
DA:339,0
DA:340,0
DA:341,0
DA:342,0
DA:343,0
DA:344,0
DA:345,0
DA:346,0
DA:347,0
DA:348,0
DA:353,0
DA:356,0
DA:363,0
DA:364,0
DA:365,0
DA:366,0
DA:367,0
DA:368,0
DA:371,0
DA:372,0
DA:375,0
DA:376,0
DA:377,0
DA:379,0
DA:380,0
DA:381,0
DA:382,0
DA:383,0
DA:384,0
DA:385,0
DA:386,0
DA:387,0
DA:388,0
DA:393,0
DA:396,0
DA:403,0
DA:404,0
DA:405,0
DA:406,0
DA:407,0
DA:408,0
DA:411,0
DA:412,0
DA:415,0
DA:416,0
DA:417,0
DA:419,0
DA:420,0
DA:421,0
DA:426,0
DA:429,0
DA:436,0
DA:437,0
DA:438,0
DA:439,0
DA:440,0
DA:441,0
DA:444,0
DA:445,0
DA:448,0
DA:449,0
DA:450,0
DA:452,0
DA:453,0
DA:454,0
DA:455,0
DA:456,0
DA:457,0
DA:458,0
DA:459,0
DA:460,0
DA:461,0
DA:470,0
DA:471,0
DA:472,0
DA:473,0
DA:476,0
DA:483,0
DA:484,0
DA:485,0
DA:486,0
DA:487,0
DA:488,0
DA:491,0
DA:492,0
DA:495,0
DA:496,0
DA:497,0
DA:499,0
DA:500,0
DA:501,0
DA:502,0
DA:503,0
DA:504,0
DA:505,0
DA:506,0
DA:507,0
DA:516,0
DA:517,0
DA:518,0
DA:519,0
DA:522,0
end_of_record
TN:Main-SC: Acquisition with less resources Case
SF:/Users/deployer/Desktop/StacksDegens/smart-contracts/sfts-advanced/contracts/resources.clar
FN:18,get-contract-admin
FN:21,set-contract-admin
FN:67,get-balance-uint
FN:28,is-owned-needed
FN:31,tag-nft-token-id
FN:64,set-balance
FN:76,get-total-supply
FN:40,mint
FN:51,mint-user
FN:70,get-balance
FN:73,get-overall-balance
FN:79,get-overall-supply
FN:82,get-decimals
FN:87,transfer
FN:113,transfer-many-iter
FN:100,transfer-many
FN:103,transfer-memo
FN:116,transfer-many-memo-iter
FN:109,transfer-many-memo
FN:121,burn
FN:131,burn-wrapper
FN:138,set-token-uri
FN:144,get-token-uri
FN:157,set-token-name
FN:163,get-token-name
FNDA:12,burn
FNDA:48,get-balance-uint
FNDA:31,get-total-supply
FNDA:17,is-owned-needed
FNDA:31,mint
FNDA:43,set-balance
FNDA:43,tag-nft-token-id
FNF:25
FNH:7
DA:0,260
DA:20,0
DA:23,0
DA:24,0
DA:25,0
DA:30,288
DA:33,56
DA:34,56
DA:35,168
DA:36,265
DA:37,224
DA:42,31
DA:43,124
DA:44,124
DA:45,124
DA:46,124
DA:47,248
DA:48,217
DA:49,155
DA:50,62
DA:53,0
DA:54,0
DA:55,0
DA:56,0
DA:57,0
DA:58,0
DA:59,0
DA:60,0
DA:61,0
DA:66,224
DA:69,460
DA:72,0
DA:75,0
DA:78,155
DA:81,0
DA:84,0
DA:90,0
DA:91,0
DA:92,0
DA:93,0
DA:94,0
DA:95,0
DA:96,0
DA:97,0
DA:98,0
DA:99,0
DA:102,0
DA:105,0
DA:106,0
DA:107,0
DA:108,0
DA:112,0
DA:115,0
DA:118,0
DA:123,100
DA:124,125
DA:125,100
DA:126,100
DA:127,100
DA:128,150
DA:129,125
DA:130,50
DA:133,0
DA:140,0
DA:141,0
DA:142,0
DA:143,0
DA:146,0
DA:147,0
DA:149,0
DA:150,0
DA:151,0
DA:152,0
DA:159,0
DA:160,0
DA:161,0
DA:162,0
DA:165,0
DA:166,0
DA:168,0
DA:169,0
DA:170,0
DA:171,0
end_of_record
TN:Main-SC: Acquisition with less resources Case
SF:/Users/deployer/Desktop/StacksDegens/smart-contracts/sfts-advanced/contracts/sip013-semi-fungible-token-trait.clar
FNF:0
FNH:0
end_of_record
TN:Main-SC: Acquisition with less resources Case
SF:/Users/deployer/Desktop/StacksDegens/smart-contracts/sfts-advanced/contracts/sip013-transfer-many-trait.clar
FNF:0
FNH:0
end_of_record
TN:Main-SC: Acquisition with more resources Case
SF:/Users/deployer/Desktop/StacksDegens/smart-contracts/sfts-advanced/contracts/collection-1.clar
FN:18,get-contract-admin
FN:21,set-contract-admin
FN:69,get-balance-uint
FN:28,is-owned-needed
FN:31,tag-nft-token-id
FN:65,set-balance
FN:78,get-total-supply
FN:40,mint
FN:52,mint-user
FN:72,get-balance
FN:75,get-overall-balance
FN:81,get-overall-supply
FN:84,get-decimals
FN:89,transfer
FN:114,transfer-many-iter
FN:101,transfer-many
FN:104,transfer-memo
FN:117,transfer-many-memo-iter
FN:110,transfer-many-memo
FN:122,burn
FN:132,burn-wrapper
FN:139,set-token-uri
FN:145,get-token-uri
FN:162,set-token-name
FN:168,get-token-name
FNF:25
FNH:0
end_of_record
TN:Main-SC: Acquisition with more resources Case
SF:/Users/deployer/Desktop/StacksDegens/smart-contracts/sfts-advanced/contracts/items.clar
FN:18,get-contract-admin
FN:21,set-contract-admin
FN:67,get-balance-uint
FN:28,is-owned-needed
FN:31,tag-nft-token-id
FN:64,set-balance
FN:76,get-total-supply
FN:40,mint
FN:51,mint-user
FN:70,get-balance
FN:73,get-overall-balance
FN:79,get-overall-supply
FN:82,get-decimals
FN:87,transfer
FN:114,transfer-many-iter
FN:99,transfer-many
FN:102,transfer-memo
FN:117,transfer-many-memo-iter
FN:108,transfer-many-memo
FN:111,transfer-wrapper
FN:122,burn
FN:132,burn-wrapper
FN:139,set-token-uri
FN:145,get-token-uri
FN:199,set-token-name
FN:205,get-token-name
FNDA:17,get-balance-uint
FNDA:17,get-total-supply
FNDA:17,mint-user
FNDA:17,set-balance
FNDA:17,tag-nft-token-id
FNF:26
FNH:5
DA:0,68
DA:20,0
DA:23,0
DA:24,0
DA:25,0
DA:30,0
DA:33,17
DA:34,17
DA:35,51
DA:36,0
DA:37,68
DA:42,0
DA:43,0
DA:44,0
DA:45,0
DA:46,0
DA:47,0
DA:48,0
DA:49,0
DA:50,0
DA:53,17
DA:54,68
DA:55,68
DA:56,68
DA:57,68
DA:58,136
DA:59,119
DA:60,85
DA:61,34
DA:66,68
DA:69,85
DA:72,0
DA:75,0
DA:78,85
DA:81,0
DA:84,0
DA:89,0
DA:90,0
DA:91,0
DA:92,0
DA:93,0
DA:94,0
DA:95,0
DA:96,0
DA:97,0
DA:98,0
DA:101,0
DA:104,0
DA:105,0
DA:106,0
DA:107,0
DA:110,0
DA:113,0
DA:116,0
DA:119,0
DA:124,0
DA:125,0
DA:126,0
DA:127,0
DA:128,0
DA:129,0
DA:130,0
DA:131,0
DA:134,0
DA:141,0
DA:142,0
DA:143,0
DA:144,0
DA:147,0
DA:148,0
DA:150,0
DA:151,0
DA:152,0
DA:153,0
DA:154,0
DA:155,0
DA:156,0
DA:157,0
DA:158,0
DA:159,0
DA:160,0
DA:161,0
DA:162,0
DA:163,0
DA:164,0
DA:165,0
DA:166,0
DA:167,0
DA:168,0
DA:169,0
DA:170,0
DA:171,0
DA:172,0
DA:173,0
DA:174,0
DA:175,0
DA:176,0
DA:177,0
DA:178,0
DA:179,0
DA:180,0
DA:181,0
DA:182,0
DA:183,0
DA:184,0
DA:185,0
DA:186,0
DA:187,0
DA:188,0
DA:189,0
DA:190,0
DA:191,0
DA:192,0
DA:193,0
DA:194,0
DA:201,0
DA:202,0
DA:203,0
DA:204,0
DA:207,0
DA:208,0
DA:210,0
DA:211,0
DA:212,0
DA:213,0
DA:214,0
DA:215,0
DA:216,0
DA:217,0
DA:218,0
DA:219,0
DA:221,0
DA:222,0
DA:223,0
DA:224,0
DA:225,0
DA:226,0
DA:227,0
DA:228,0
DA:229,0
DA:231,0
DA:232,0
DA:233,0
DA:234,0
DA:235,0
DA:236,0
DA:237,0
DA:238,0
DA:239,0
DA:241,0
DA:242,0
DA:243,0
DA:244,0
DA:245,0
DA:246,0
DA:247,0
DA:248,0
DA:249,0
DA:251,0
DA:252,0
DA:253,0
DA:254,0
DA:255,0
DA:256,0
DA:257,0
DA:258,0
DA:259,0
end_of_record
TN:Main-SC: Acquisition with more resources Case
SF:/Users/deployer/Desktop/StacksDegens/smart-contracts/sfts-advanced/contracts/main-sc.clar
FN:16,transfer-wrapper
FN:27,get-balance-wrapper
FN:40,create-balance-tuple
FN:43,get-data-balance-all-items
FN:65,mint-wrapper
FN:75,mint-wrapper-user
FN:85,mint-wrapper-admin
FN:97,mint-rewards
FN:103,burn-wrapper
FN:114,is-owned-needed-wrapper
FN:125,verified-ownership-function
FN:132,get-starter-kit-status
FN:136,claim-starter-kit
FN:155,get-level-up-resources
FN:147,level-up
FN:159,set-level-up-resources
FN:198,get-data-level-up
FN:201,get-all-level-up-data
FN:216,get-crafting-resources
FN:208,craft-item
FN:220,set-crafting-resources
FN:251,get-data-crafting
FN:254,get-all-crafting-data
FN:269,get-acquisition-resources
FN:261,buy-item
FN:273,set-acquisition-resources
FN:310,get-data-acquisition
FN:313,get-all-acquisition-data
FN:329,get-fight-needed-resources
FN:321,start-fight
FN:333,set-fight-needed-resources
FN:351,get-data-fight-resources
FN:354,get-all-fight-resources-data
FN:369,get-fight-rewards
FN:361,reward-fighting
FN:373,set-fight-rewards
FN:391,get-data-fight-rewards
FN:394,get-all-fight-rewards-data
FN:409,get-sleeping-rewards
FN:401,reward-sleeping
FN:413,set-sleeping-rewards
FN:424,get-data-sleeping-rewards
FN:427,get-all-sleeping-rewards-data
FN:442,get-mining-rewards
FN:434,reward-mining
FN:446,set-mining-rewards
FN:468,get-data-mining-rewards
FN:474,get-all-mining-rewards-data
FN:489,get-harvesting-rewards
FN:481,reward-harvesting
FN:493,set-harvesting-rewards
FN:514,get-data-harvesting-rewards
FN:520,get-all-harvesting-rewards-data
FNDA:17,burn-wrapper
FNDA:17,buy-item
FNDA:17,get-acquisition-resources
FNDA:17,is-owned-needed-wrapper
FNDA:4,mint-wrapper
FNDA:17,mint-wrapper-user
FNDA:17,verified-ownership-function
FNF:53
FNH:7
DA:0,178
DA:18,0
DA:19,0
DA:20,0
DA:21,0
DA:22,0
DA:23,0
DA:24,0
DA:30,0
DA:31,0
DA:32,0
DA:33,0
DA:34,0
DA:35,0
DA:36,0
DA:41,0
DA:44,0
DA:68,16
DA:69,16
DA:70,0
DA:71,0
DA:72,0
DA:73,0
DA:74,0
DA:78,68
DA:79,0
DA:80,68
DA:81,85
DA:82,0
DA:83,0
DA:84,0
DA:87,0
DA:88,0
DA:89,0
DA:90,0
DA:91,0
DA:92,0
DA:93,0
DA:94,0
DA:95,0
DA:96,0
DA:100,0
DA:105,180
DA:106,216
DA:107,0
DA:108,0
DA:109,0
DA:110,0
DA:111,0
DA:117,36
DA:118,180
DA:119,72
DA:120,0
DA:121,0
DA:122,0
DA:123,0
DA:124,0
DA:127,68
DA:134,0
DA:135,0
DA:138,0
DA:139,0
DA:140,0
DA:141,0
DA:142,0
DA:149,0
DA:150,0
DA:151,0
DA:152,0
DA:153,0
DA:154,0
DA:157,0
DA:158,0
DA:161,0
DA:162,0
DA:163,0
DA:165,0
DA:166,0
DA:167,0
DA:168,0
DA:169,0
DA:170,0
DA:171,0
DA:172,0
DA:173,0
DA:174,0
DA:175,0
DA:176,0
DA:177,0
DA:178,0
DA:179,0
DA:180,0
DA:181,0
DA:182,0
DA:183,0
DA:184,0
DA:185,0
DA:186,0
DA:187,0
DA:188,0
DA:189,0
DA:190,0
DA:191,0
DA:192,0
DA:193,0
DA:194,0
DA:195,0
DA:200,0
DA:203,0
DA:210,0
DA:211,0
DA:212,0
DA:213,0
DA:214,0
DA:215,0
DA:218,0
DA:219,0
DA:222,0
DA:223,0
DA:224,0
DA:226,0
DA:227,0
DA:228,0
DA:229,0
DA:230,0
DA:231,0
DA:232,0
DA:233,0
DA:234,0
DA:235,0
DA:236,0
DA:237,0
DA:238,0
DA:239,0
DA:240,0
DA:241,0
DA:243,0
DA:244,0
DA:245,0
DA:246,0
DA:247,0
DA:248,0
DA:253,0
DA:256,0
DA:263,17
DA:264,102
DA:265,68
DA:266,68
DA:267,68
DA:268,68
DA:271,102
DA:272,68
DA:275,0
DA:276,0
DA:277,0
DA:279,0
DA:280,0
DA:281,0
DA:282,0
DA:283,0
DA:284,0
DA:285,0
DA:286,0
DA:287,0
DA:288,0
DA:289,0
DA:290,0
DA:291,0
DA:292,0
DA:293,0
DA:294,0
DA:295,0
DA:296,0
DA:297,0
DA:298,0
DA:300,0
DA:301,0
DA:302,0
DA:303,0
DA:304,0
DA:305,0
DA:306,0
DA:307,0
DA:312,0
DA:315,0
DA:323,0
DA:324,0
DA:325,0
DA:326,0
DA:327,0
DA:328,0
DA:331,0
DA:332,0
DA:335,0
DA:336,0
DA:337,0
DA:339,0
DA:340,0
DA:341,0
DA:342,0
DA:343,0
DA:344,0
DA:345,0
DA:346,0
DA:347,0
DA:348,0
DA:353,0
DA:356,0
DA:363,0
DA:364,0
DA:365,0
DA:366,0
DA:367,0
DA:368,0
DA:371,0
DA:372,0
DA:375,0
DA:376,0
DA:377,0
DA:379,0
DA:380,0
DA:381,0
DA:382,0
DA:383,0
DA:384,0
DA:385,0
DA:386,0
DA:387,0
DA:388,0
DA:393,0
DA:396,0
DA:403,0
DA:404,0
DA:405,0
DA:406,0
DA:407,0
DA:408,0
DA:411,0
DA:412,0
DA:415,0
DA:416,0
DA:417,0
DA:419,0
DA:420,0
DA:421,0
DA:426,0
DA:429,0
DA:436,0
DA:437,0
DA:438,0
DA:439,0
DA:440,0
DA:441,0
DA:444,0
DA:445,0
DA:448,0
DA:449,0
DA:450,0
DA:452,0
DA:453,0
DA:454,0
DA:455,0
DA:456,0
DA:457,0
DA:458,0
DA:459,0
DA:460,0
DA:461,0
DA:470,0
DA:471,0
DA:472,0
DA:473,0
DA:476,0
DA:483,0
DA:484,0
DA:485,0
DA:486,0
DA:487,0
DA:488,0
DA:491,0
DA:492,0
DA:495,0
DA:496,0
DA:497,0
DA:499,0
DA:500,0
DA:501,0
DA:502,0
DA:503,0
DA:504,0
DA:505,0
DA:506,0
DA:507,0
DA:516,0
DA:517,0
DA:518,0
DA:519,0
DA:522,0
end_of_record
TN:Main-SC: Acquisition with more resources Case
SF:/Users/deployer/Desktop/StacksDegens/smart-contracts/sfts-advanced/contracts/resources.clar
FN:18,get-contract-admin
FN:21,set-contract-admin
FN:67,get-balance-uint
FN:28,is-owned-needed
FN:31,tag-nft-token-id
FN:64,set-balance
FN:76,get-total-supply
FN:40,mint
FN:51,mint-user
FN:70,get-balance
FN:73,get-overall-balance
FN:79,get-overall-supply
FN:82,get-decimals
FN:87,transfer
FN:113,transfer-many-iter
FN:100,transfer-many
FN:103,transfer-memo
FN:116,transfer-many-memo-iter
FN:109,transfer-many-memo
FN:121,burn
FN:131,burn-wrapper
FN:138,set-token-uri
FN:144,get-token-uri
FN:157,set-token-name
FN:163,get-token-name
FNDA:17,burn
FNDA:21,get-balance-uint
FNDA:4,get-total-supply
FNDA:17,is-owned-needed
FNDA:4,mint
FNDA:21,set-balance
FNDA:21,tag-nft-token-id
FNF:25
FNH:7
DA:0,196
DA:20,0
DA:23,0
DA:24,0
DA:25,0
DA:30,288
DA:33,40
DA:34,40
DA:35,120
DA:36,180
DA:37,160
DA:42,4
DA:43,16
DA:44,16
DA:45,16
DA:46,16
DA:47,32
DA:48,28
DA:49,20
DA:50,8
DA:53,0
DA:54,0
DA:55,0
DA:56,0
DA:57,0
DA:58,0
DA:59,0
DA:60,0
DA:61,0
DA:66,160
DA:69,380
DA:72,0
DA:75,0
DA:78,20
DA:81,0
DA:84,0
DA:90,0
DA:91,0
DA:92,0
DA:93,0
DA:94,0
DA:95,0
DA:96,0
DA:97,0
DA:98,0
DA:99,0
DA:102,0
DA:105,0
DA:106,0
DA:107,0
DA:108,0
DA:112,0
DA:115,0
DA:118,0
DA:123,144
DA:124,180
DA:125,144
DA:126,144
DA:127,144
DA:128,216
DA:129,180
DA:130,72
DA:133,0
DA:140,0
DA:141,0
DA:142,0
DA:143,0
DA:146,0
DA:147,0
DA:149,0
DA:150,0
DA:151,0
DA:152,0
DA:159,0
DA:160,0
DA:161,0
DA:162,0
DA:165,0
DA:166,0
DA:168,0
DA:169,0
DA:170,0
DA:171,0
end_of_record
TN:Main-SC: Acquisition with more resources Case
SF:/Users/deployer/Desktop/StacksDegens/smart-contracts/sfts-advanced/contracts/sip013-semi-fungible-token-trait.clar
FNF:0
FNH:0
end_of_record
TN:Main-SC: Acquisition with more resources Case
SF:/Users/deployer/Desktop/StacksDegens/smart-contracts/sfts-advanced/contracts/sip013-transfer-many-trait.clar
FNF:0
FNH:0
end_of_record
TN:Main-SC: Burn case
SF:/Users/deployer/Desktop/StacksDegens/smart-contracts/sfts-advanced/contracts/collection-1.clar
FN:18,get-contract-admin
FN:21,set-contract-admin
FN:69,get-balance-uint
FN:28,is-owned-needed
FN:31,tag-nft-token-id
FN:65,set-balance
FN:78,get-total-supply
FN:40,mint
FN:52,mint-user
FN:72,get-balance
FN:75,get-overall-balance
FN:81,get-overall-supply
FN:84,get-decimals
FN:89,transfer
FN:114,transfer-many-iter
FN:101,transfer-many
FN:104,transfer-memo
FN:117,transfer-many-memo-iter
FN:110,transfer-many-memo
FN:122,burn
FN:132,burn-wrapper
FN:139,set-token-uri
FN:145,get-token-uri
FN:162,set-token-name
FN:168,get-token-name
FNF:25
FNH:0
end_of_record
TN:Main-SC: Burn case
SF:/Users/deployer/Desktop/StacksDegens/smart-contracts/sfts-advanced/contracts/items.clar
FN:18,get-contract-admin
FN:21,set-contract-admin
FN:67,get-balance-uint
FN:28,is-owned-needed
FN:31,tag-nft-token-id
FN:64,set-balance
FN:76,get-total-supply
FN:40,mint
FN:51,mint-user
FN:70,get-balance
FN:73,get-overall-balance
FN:79,get-overall-supply
FN:82,get-decimals
FN:87,transfer
FN:114,transfer-many-iter
FN:99,transfer-many
FN:102,transfer-memo
FN:117,transfer-many-memo-iter
FN:108,transfer-many-memo
FN:111,transfer-wrapper
FN:122,burn
FN:132,burn-wrapper
FN:139,set-token-uri
FN:145,get-token-uri
FN:199,set-token-name
FN:205,get-token-name
FNF:26
FNH:0
end_of_record
TN:Main-SC: Burn case
SF:/Users/deployer/Desktop/StacksDegens/smart-contracts/sfts-advanced/contracts/main-sc.clar
FN:16,transfer-wrapper
FN:27,get-balance-wrapper
FN:40,create-balance-tuple
FN:43,get-data-balance-all-items
FN:65,mint-wrapper
FN:75,mint-wrapper-user
FN:85,mint-wrapper-admin
FN:97,mint-rewards
FN:103,burn-wrapper
FN:114,is-owned-needed-wrapper
FN:125,verified-ownership-function
FN:132,get-starter-kit-status
FN:136,claim-starter-kit
FN:155,get-level-up-resources
FN:147,level-up
FN:159,set-level-up-resources
FN:198,get-data-level-up
FN:201,get-all-level-up-data
FN:216,get-crafting-resources
FN:208,craft-item
FN:220,set-crafting-resources
FN:251,get-data-crafting
FN:254,get-all-crafting-data
FN:269,get-acquisition-resources
FN:261,buy-item
FN:273,set-acquisition-resources
FN:310,get-data-acquisition
FN:313,get-all-acquisition-data
FN:329,get-fight-needed-resources
FN:321,start-fight
FN:333,set-fight-needed-resources
FN:351,get-data-fight-resources
FN:354,get-all-fight-resources-data
FN:369,get-fight-rewards
FN:361,reward-fighting
FN:373,set-fight-rewards
FN:391,get-data-fight-rewards
FN:394,get-all-fight-rewards-data
FN:409,get-sleeping-rewards
FN:401,reward-sleeping
FN:413,set-sleeping-rewards
FN:424,get-data-sleeping-rewards
FN:427,get-all-sleeping-rewards-data
FN:442,get-mining-rewards
FN:434,reward-mining
FN:446,set-mining-rewards
FN:468,get-data-mining-rewards
FN:474,get-all-mining-rewards-data
FN:489,get-harvesting-rewards
FN:481,reward-harvesting
FN:493,set-harvesting-rewards
FN:514,get-data-harvesting-rewards
FN:520,get-all-harvesting-rewards-data
FNDA:1,burn-wrapper
FNF:53
FNH:1
DA:0,0
DA:18,0
DA:19,0
DA:20,0
DA:21,0
DA:22,0
DA:23,0
DA:24,0
DA:30,0
DA:31,0
DA:32,0
DA:33,0
DA:34,0
DA:35,0
DA:36,0
DA:41,0
DA:44,0
DA:68,0
DA:69,0
DA:70,0
DA:71,0
DA:72,0
DA:73,0
DA:74,0
DA:78,0
DA:79,0
DA:80,0
DA:81,0
DA:82,0
DA:83,0
DA:84,0
DA:87,0
DA:88,0
DA:89,0
DA:90,0
DA:91,0
DA:92,0
DA:93,0
DA:94,0
DA:95,0
DA:96,0
DA:100,0
DA:105,5
DA:106,0
DA:107,5
DA:108,0
DA:109,5
DA:110,0
DA:111,1
DA:117,0
DA:118,0
DA:119,0
DA:120,0
DA:121,0
DA:122,0
DA:123,0
DA:124,0
DA:127,0
DA:134,0
DA:135,0
DA:138,0
DA:139,0
DA:140,0
DA:141,0
DA:142,0
DA:149,0
DA:150,0
DA:151,0
DA:152,0
DA:153,0
DA:154,0
DA:157,0
DA:158,0
DA:161,0
DA:162,0
DA:163,0
DA:165,0
DA:166,0
DA:167,0
DA:168,0
DA:169,0
DA:170,0
DA:171,0
DA:172,0
DA:173,0
DA:174,0
DA:175,0
DA:176,0
DA:177,0
DA:178,0
DA:179,0
DA:180,0
DA:181,0
DA:182,0
DA:183,0
DA:184,0
DA:185,0
DA:186,0
DA:187,0
DA:188,0
DA:189,0
DA:190,0
DA:191,0
DA:192,0
DA:193,0
DA:194,0
DA:195,0
DA:200,0
DA:203,0
DA:210,0
DA:211,0
DA:212,0
DA:213,0
DA:214,0
DA:215,0
DA:218,0
DA:219,0
DA:222,0
DA:223,0
DA:224,0
DA:226,0
DA:227,0
DA:228,0
DA:229,0
DA:230,0
DA:231,0
DA:232,0
DA:233,0
DA:234,0
DA:235,0
DA:236,0
DA:237,0
DA:238,0
DA:239,0
DA:240,0
DA:241,0
DA:243,0
DA:244,0
DA:245,0
DA:246,0
DA:247,0
DA:248,0
DA:253,0
DA:256,0
DA:263,0
DA:264,0
DA:265,0
DA:266,0
DA:267,0
DA:268,0
DA:271,0
DA:272,0
DA:275,0
DA:276,0
DA:277,0
DA:279,0
DA:280,0
DA:281,0
DA:282,0
DA:283,0
DA:284,0
DA:285,0
DA:286,0
DA:287,0
DA:288,0
DA:289,0
DA:290,0
DA:291,0
DA:292,0
DA:293,0
DA:294,0
DA:295,0
DA:296,0
DA:297,0
DA:298,0
DA:300,0
DA:301,0
DA:302,0
DA:303,0
DA:304,0
DA:305,0
DA:306,0
DA:307,0
DA:312,0
DA:315,0
DA:323,0
DA:324,0
DA:325,0
DA:326,0
DA:327,0
DA:328,0
DA:331,0
DA:332,0
DA:335,0
DA:336,0
DA:337,0
DA:339,0
DA:340,0
DA:341,0
DA:342,0
DA:343,0
DA:344,0
DA:345,0
DA:346,0
DA:347,0
DA:348,0
DA:353,0
DA:356,0
DA:363,0
DA:364,0
DA:365,0
DA:366,0
DA:367,0
DA:368,0
DA:371,0
DA:372,0
DA:375,0
DA:376,0
DA:377,0
DA:379,0
DA:380,0
DA:381,0
DA:382,0
DA:383,0
DA:384,0
DA:385,0
DA:386,0
DA:387,0
DA:388,0
DA:393,0
DA:396,0
DA:403,0
DA:404,0
DA:405,0
DA:406,0
DA:407,0
DA:408,0
DA:411,0
DA:412,0
DA:415,0
DA:416,0
DA:417,0
DA:419,0
DA:420,0
DA:421,0
DA:426,0
DA:429,0
DA:436,0
DA:437,0
DA:438,0
DA:439,0
DA:440,0
DA:441,0
DA:444,0
DA:445,0
DA:448,0
DA:449,0
DA:450,0
DA:452,0
DA:453,0
DA:454,0
DA:455,0
DA:456,0
DA:457,0
DA:458,0
DA:459,0
DA:460,0
DA:461,0
DA:470,0
DA:471,0
DA:472,0
DA:473,0
DA:476,0
DA:483,0
DA:484,0
DA:485,0
DA:486,0
DA:487,0
DA:488,0
DA:491,0
DA:492,0
DA:495,0
DA:496,0
DA:497,0
DA:499,0
DA:500,0
DA:501,0
DA:502,0
DA:503,0
DA:504,0
DA:505,0
DA:506,0
DA:507,0
DA:516,0
DA:517,0
DA:518,0
DA:519,0
DA:522,0
end_of_record
TN:Main-SC: Burn case
SF:/Users/deployer/Desktop/StacksDegens/smart-contracts/sfts-advanced/contracts/resources.clar
FN:18,get-contract-admin
FN:21,set-contract-admin
FN:67,get-balance-uint
FN:28,is-owned-needed
FN:31,tag-nft-token-id
FN:64,set-balance
FN:76,get-total-supply
FN:40,mint
FN:51,mint-user
FN:70,get-balance
FN:73,get-overall-balance
FN:79,get-overall-supply
FN:82,get-decimals
FN:87,transfer
FN:113,transfer-many-iter
FN:100,transfer-many
FN:103,transfer-memo
FN:116,transfer-many-memo-iter
FN:109,transfer-many-memo
FN:121,burn
FN:131,burn-wrapper
FN:138,set-token-uri
FN:144,get-token-uri
FN:157,set-token-name
FN:163,get-token-name
FNF:25
FNH:0
end_of_record
TN:Main-SC: Burn case
SF:/Users/deployer/Desktop/StacksDegens/smart-contracts/sfts-advanced/contracts/sip013-semi-fungible-token-trait.clar
FNF:0
FNH:0
end_of_record
TN:Main-SC: Burn case
SF:/Users/deployer/Desktop/StacksDegens/smart-contracts/sfts-advanced/contracts/sip013-transfer-many-trait.clar
FNF:0
FNH:0
end_of_record
TN:Main-SC: Crafting Case
SF:/Users/deployer/Desktop/StacksDegens/smart-contracts/sfts-advanced/contracts/collection-1.clar
FN:18,get-contract-admin
FN:21,set-contract-admin
FN:69,get-balance-uint
FN:28,is-owned-needed
FN:31,tag-nft-token-id
FN:65,set-balance
FN:78,get-total-supply
FN:40,mint
FN:52,mint-user
FN:72,get-balance
FN:75,get-overall-balance
FN:81,get-overall-supply
FN:84,get-decimals
FN:89,transfer
FN:114,transfer-many-iter
FN:101,transfer-many
FN:104,transfer-memo
FN:117,transfer-many-memo-iter
FN:110,transfer-many-memo
FN:122,burn
FN:132,burn-wrapper
FN:139,set-token-uri
FN:145,get-token-uri
FN:162,set-token-name
FN:168,get-token-name
FNF:25
FNH:0
end_of_record
TN:Main-SC: Crafting Case
SF:/Users/deployer/Desktop/StacksDegens/smart-contracts/sfts-advanced/contracts/items.clar
FN:18,get-contract-admin
FN:21,set-contract-admin
FN:67,get-balance-uint
FN:28,is-owned-needed
FN:31,tag-nft-token-id
FN:64,set-balance
FN:76,get-total-supply
FN:40,mint
FN:51,mint-user
FN:70,get-balance
FN:73,get-overall-balance
FN:79,get-overall-supply
FN:82,get-decimals
FN:87,transfer
FN:114,transfer-many-iter
FN:99,transfer-many
FN:102,transfer-memo
FN:117,transfer-many-memo-iter
FN:108,transfer-many-memo
FN:111,transfer-wrapper
FN:122,burn
FN:132,burn-wrapper
FN:139,set-token-uri
FN:145,get-token-uri
FN:199,set-token-name
FN:205,get-token-name
FNDA:10,get-balance-uint
FNDA:10,get-total-supply
FNDA:10,mint-user
FNDA:10,set-balance
FNDA:10,tag-nft-token-id
FNF:26
FNH:5
DA:0,40
DA:20,0
DA:23,0
DA:24,0
DA:25,0
DA:30,0
DA:33,10
DA:34,10
DA:35,30
DA:36,0
DA:37,40
DA:42,0
DA:43,0
DA:44,0
DA:45,0
DA:46,0
DA:47,0
DA:48,0
DA:49,0
DA:50,0
DA:53,10
DA:54,40
DA:55,40
DA:56,40
DA:57,40
DA:58,80
DA:59,70
DA:60,50
DA:61,20
DA:66,40
DA:69,50
DA:72,0
DA:75,0
DA:78,50
DA:81,0
DA:84,0
DA:89,0
DA:90,0
DA:91,0
DA:92,0
DA:93,0
DA:94,0
DA:95,0
DA:96,0
DA:97,0
DA:98,0
DA:101,0
DA:104,0
DA:105,0
DA:106,0
DA:107,0
DA:110,0
DA:113,0
DA:116,0
DA:119,0
DA:124,0
DA:125,0
DA:126,0
DA:127,0
DA:128,0
DA:129,0
DA:130,0
DA:131,0
DA:134,0
DA:141,0
DA:142,0
DA:143,0
DA:144,0
DA:147,0
DA:148,0
DA:150,0
DA:151,0
DA:152,0
DA:153,0
DA:154,0
DA:155,0
DA:156,0
DA:157,0
DA:158,0
DA:159,0
DA:160,0
DA:161,0
DA:162,0
DA:163,0
DA:164,0
DA:165,0
DA:166,0
DA:167,0
DA:168,0
DA:169,0
DA:170,0
DA:171,0
DA:172,0
DA:173,0
DA:174,0
DA:175,0
DA:176,0
DA:177,0
DA:178,0
DA:179,0
DA:180,0
DA:181,0
DA:182,0
DA:183,0
DA:184,0
DA:185,0
DA:186,0
DA:187,0
DA:188,0
DA:189,0
DA:190,0
DA:191,0
DA:192,0
DA:193,0
DA:194,0
DA:201,0
DA:202,0
DA:203,0
DA:204,0
DA:207,0
DA:208,0
DA:210,0
DA:211,0
DA:212,0
DA:213,0
DA:214,0
DA:215,0
DA:216,0
DA:217,0
DA:218,0
DA:219,0
DA:221,0
DA:222,0
DA:223,0
DA:224,0
DA:225,0
DA:226,0
DA:227,0
DA:228,0
DA:229,0
DA:231,0
DA:232,0
DA:233,0
DA:234,0
DA:235,0
DA:236,0
DA:237,0
DA:238,0
DA:239,0
DA:241,0
DA:242,0
DA:243,0
DA:244,0
DA:245,0
DA:246,0
DA:247,0
DA:248,0
DA:249,0
DA:251,0
DA:252,0
DA:253,0
DA:254,0
DA:255,0
DA:256,0
DA:257,0
DA:258,0
DA:259,0
end_of_record
TN:Main-SC: Crafting Case
SF:/Users/deployer/Desktop/StacksDegens/smart-contracts/sfts-advanced/contracts/main-sc.clar
FN:16,transfer-wrapper
FN:27,get-balance-wrapper
FN:40,create-balance-tuple
FN:43,get-data-balance-all-items
FN:65,mint-wrapper
FN:75,mint-wrapper-user
FN:85,mint-wrapper-admin
FN:97,mint-rewards
FN:103,burn-wrapper
FN:114,is-owned-needed-wrapper
FN:125,verified-ownership-function
FN:132,get-starter-kit-status
FN:136,claim-starter-kit
FN:155,get-level-up-resources
FN:147,level-up
FN:159,set-level-up-resources
FN:198,get-data-level-up
FN:201,get-all-level-up-data
FN:216,get-crafting-resources
FN:208,craft-item
FN:220,set-crafting-resources
FN:251,get-data-crafting
FN:254,get-all-crafting-data
FN:269,get-acquisition-resources
FN:261,buy-item
FN:273,set-acquisition-resources
FN:310,get-data-acquisition
FN:313,get-all-acquisition-data
FN:329,get-fight-needed-resources
FN:321,start-fight
FN:333,set-fight-needed-resources
FN:351,get-data-fight-resources
FN:354,get-all-fight-resources-data
FN:369,get-fight-rewards
FN:361,reward-fighting
FN:373,set-fight-rewards
FN:391,get-data-fight-rewards
FN:394,get-all-fight-rewards-data
FN:409,get-sleeping-rewards
FN:401,reward-sleeping
FN:413,set-sleeping-rewards
FN:424,get-data-sleeping-rewards
FN:427,get-all-sleeping-rewards-data
FN:442,get-mining-rewards
FN:434,reward-mining
FN:446,set-mining-rewards
FN:468,get-data-mining-rewards
FN:474,get-all-mining-rewards-data
FN:489,get-harvesting-rewards
FN:481,reward-harvesting
FN:493,set-harvesting-rewards
FN:514,get-data-harvesting-rewards
FN:520,get-all-harvesting-rewards-data
FNDA:10,burn-wrapper
FNDA:10,craft-item
FNDA:10,get-crafting-resources
FNDA:10,is-owned-needed-wrapper
FNDA:10,mint-wrapper
FNDA:10,mint-wrapper-user
FNDA:10,verified-ownership-function
FNF:53
FNH:7
DA:0,60
DA:18,0
DA:19,0
DA:20,0
DA:21,0
DA:22,0
DA:23,0
DA:24,0
DA:30,0
DA:31,0
DA:32,0
DA:33,0
DA:34,0
DA:35,0
DA:36,0
DA:41,0
DA:44,0
DA:68,40
DA:69,40
DA:70,0
DA:71,0
DA:72,0
DA:73,0
DA:74,0
DA:78,40
DA:79,0
DA:80,40
DA:81,50
DA:82,0
DA:83,0
DA:84,0
DA:87,0
DA:88,0
DA:89,0
DA:90,0
DA:91,0
DA:92,0
DA:93,0
DA:94,0
DA:95,0
DA:96,0
DA:100,0
DA:105,50
DA:106,60
DA:107,0
DA:108,0
DA:109,0
DA:110,0
DA:111,0
DA:117,10
DA:118,50
DA:119,20
DA:120,0
DA:121,0
DA:122,0
DA:123,0
DA:124,0
DA:127,40
DA:134,0
DA:135,0
DA:138,0
DA:139,0
DA:140,0
DA:141,0
DA:142,0
DA:149,0
DA:150,0
DA:151,0
DA:152,0
DA:153,0
DA:154,0
DA:157,0
DA:158,0
DA:161,0
DA:162,0
DA:163,0
DA:165,0
DA:166,0
DA:167,0
DA:168,0
DA:169,0
DA:170,0
DA:171,0
DA:172,0
DA:173,0
DA:174,0
DA:175,0
DA:176,0
DA:177,0
[...]
FN:104,transfer-memo
FN:117,transfer-many-memo-iter
FN:110,transfer-many-memo
FN:122,burn
FN:132,burn-wrapper
FN:139,set-token-uri
FN:145,get-token-uri
FN:162,set-token-name
FN:168,get-token-name
FNF:25
FNH:0
DA:0,1240
DA:20,0
DA:23,0
DA:24,0
DA:25,0
DA:30,0
DA:33,0
DA:34,0
DA:35,0
DA:36,0
DA:37,0
DA:43,0
DA:44,0
DA:45,0
DA:46,0
DA:47,0
DA:48,0
DA:49,0
DA:50,0
DA:51,0
DA:54,0
DA:55,0
DA:56,0
DA:57,0
DA:58,0
DA:59,0
DA:60,0
DA:61,0
DA:62,0
DA:68,0
DA:71,0
DA:74,0
DA:77,0
DA:80,0
DA:83,0
DA:86,0
DA:91,0
DA:92,0
DA:93,0
DA:94,0
DA:95,0
DA:96,0
DA:97,0
DA:98,0
DA:99,0
DA:100,0
DA:103,0
DA:106,0
DA:107,0
DA:108,0
DA:109,0
DA:113,0
DA:116,0
DA:119,0
DA:124,0
DA:125,0
DA:126,0
DA:127,0
DA:128,0
DA:129,0
DA:130,0
DA:131,0
DA:134,0
DA:141,0
DA:142,0
DA:143,0
DA:144,0
DA:147,0
DA:148,0
DA:150,93
DA:151,93
DA:152,93
DA:153,93
DA:154,93
DA:155,93
DA:156,93
DA:157,93
DA:164,0
DA:165,0
DA:166,0
DA:167,0
DA:170,0
DA:171,0
DA:173,217
DA:174,217
DA:175,217
DA:176,217
DA:177,217
DA:178,217
DA:179,217
DA:180,217
end_of_record
TN:__analysis__
SF:/Users/deployer/Desktop/StacksDegens/smart-contracts/sfts-advanced/contracts/items.clar
FN:18,get-contract-admin
FN:21,set-contract-admin
FN:67,get-balance-uint
FN:28,is-owned-needed
FN:31,tag-nft-token-id
FN:64,set-balance
FN:76,get-total-supply
FN:40,mint
FN:51,mint-user
FN:70,get-balance
FN:73,get-overall-balance
FN:79,get-overall-supply
FN:82,get-decimals
FN:87,transfer
FN:114,transfer-many-iter
FN:99,transfer-many
FN:102,transfer-memo
FN:117,transfer-many-memo-iter
FN:108,transfer-many-memo
FN:111,transfer-wrapper
FN:122,burn
FN:132,burn-wrapper
FN:139,set-token-uri
FN:145,get-token-uri
FN:199,set-token-name
FN:205,get-token-name
FNF:26
FNH:0
DA:0,6975
DA:20,0
DA:23,0
DA:24,0
DA:25,0
DA:30,0
DA:33,0
DA:34,0
DA:35,0
DA:36,0
DA:37,0
DA:42,0
DA:43,0
DA:44,0
DA:45,0
DA:46,0
DA:47,0
DA:48,0
DA:49,0
DA:50,0
DA:53,0
DA:54,0
DA:55,0
DA:56,0
DA:57,0
DA:58,0
DA:59,0
DA:60,0
DA:61,0
DA:66,0
DA:69,0
DA:72,0
DA:75,0
DA:78,0
DA:81,0
DA:84,0
DA:89,0
DA:90,0
DA:91,0
DA:92,0
DA:93,0
DA:94,0
DA:95,0
DA:96,0
DA:97,0
DA:98,0
DA:101,0
DA:104,0
DA:105,0
DA:106,0
DA:107,0
DA:110,0
DA:113,0
DA:116,0
DA:119,0
DA:124,0
DA:125,0
DA:126,0
DA:127,0
DA:128,0
DA:129,0
DA:130,0
DA:131,0
DA:134,0
DA:141,0
DA:142,0
DA:143,0
DA:144,0
DA:147,0
DA:148,0
DA:150,93
DA:151,93
DA:152,93
DA:153,93
DA:154,93
DA:155,93
DA:156,93
DA:157,93
DA:158,93
DA:159,93
DA:160,93
DA:161,93
DA:162,93
DA:163,93
DA:164,93
DA:165,93
DA:166,93
DA:167,93
DA:168,93
DA:169,93
DA:170,93
DA:171,93
DA:172,93
DA:173,93
DA:174,93
DA:175,93
DA:176,93
DA:177,93
DA:178,93
DA:179,93
DA:180,93
DA:181,93
DA:182,93
DA:183,93
DA:184,93
DA:185,93
DA:186,93
DA:187,93
DA:188,93
DA:189,93
DA:190,93
DA:191,93
DA:192,93
DA:193,93
DA:194,93
DA:201,0
DA:202,0
DA:203,0
DA:204,0
DA:207,0
DA:208,0
DA:210,31
DA:211,186
DA:212,217
DA:213,217
DA:214,217
DA:215,217
DA:216,217
DA:217,217
DA:218,217
DA:219,217
DA:221,217
DA:222,217
DA:223,217
DA:224,217
DA:225,217
DA:226,217
DA:227,217
DA:228,217
DA:229,217
DA:231,217
DA:232,217
DA:233,217
DA:234,217
DA:235,217
DA:236,217
DA:237,217
DA:238,217
DA:239,217
DA:241,217
DA:242,217
DA:243,217
DA:244,217
DA:245,217
DA:246,217
DA:247,217
DA:248,217
DA:249,217
DA:251,217
DA:252,217
DA:253,217
DA:254,217
DA:255,217
DA:256,217
DA:257,217
DA:258,217
DA:259,217
end_of_record
TN:__analysis__
SF:/Users/deployer/Desktop/StacksDegens/smart-contracts/sfts-advanced/contracts/main-sc.clar
FN:16,transfer-wrapper
FN:27,get-balance-wrapper
FN:40,create-balance-tuple
FN:43,get-data-balance-all-items
FN:65,mint-wrapper
FN:75,mint-wrapper-user
FN:85,mint-wrapper-admin
FN:97,mint-rewards
FN:103,burn-wrapper
FN:114,is-owned-needed-wrapper
FN:125,verified-ownership-function
FN:132,get-starter-kit-status
FN:136,claim-starter-kit
FN:155,get-level-up-resources
FN:147,level-up
FN:159,set-level-up-resources
FN:198,get-data-level-up
FN:201,get-all-level-up-data
FN:216,get-crafting-resources
FN:208,craft-item
FN:220,set-crafting-resources
FN:251,get-data-crafting
FN:254,get-all-crafting-data
FN:269,get-acquisition-resources
FN:261,buy-item
FN:273,set-acquisition-resources
FN:310,get-data-acquisition
FN:313,get-all-acquisition-data
FN:329,get-fight-needed-resources
FN:321,start-fight
FN:333,set-fight-needed-resources
FN:351,get-data-fight-resources
FN:354,get-all-fight-resources-data
FN:369,get-fight-rewards
FN:361,reward-fighting
FN:373,set-fight-rewards
FN:391,get-data-fight-rewards
FN:394,get-all-fight-rewards-data
FN:409,get-sleeping-rewards
FN:401,reward-sleeping
FN:413,set-sleeping-rewards
FN:424,get-data-sleeping-rewards
FN:427,get-all-sleeping-rewards-data
FN:442,get-mining-rewards
FN:434,reward-mining
FN:446,set-mining-rewards
FN:468,get-data-mining-rewards
FN:474,get-all-mining-rewards-data
FN:489,get-harvesting-rewards
FN:481,reward-harvesting
FN:493,set-harvesting-rewards
FN:514,get-data-harvesting-rewards
FN:520,get-all-harvesting-rewards-data
FNF:53
FNH:0
DA:0,11966
DA:18,0
DA:19,0
DA:20,0
DA:21,0
DA:22,0
DA:23,0
DA:24,0
DA:30,0
DA:31,0
DA:32,0
DA:33,0
DA:34,0
DA:35,0
DA:36,0
DA:41,0
DA:44,0
DA:68,0
DA:69,0
DA:70,0
DA:71,0
DA:72,0
DA:73,0
DA:74,0
DA:78,0
DA:79,0
DA:80,0
DA:81,0
DA:82,0
DA:83,0
DA:84,0
DA:87,0
DA:88,0
DA:89,0
DA:90,0
DA:91,0
DA:92,0
DA:93,0
DA:94,0
DA:95,0
DA:96,0
DA:100,0
DA:105,0
DA:106,0
DA:107,0
DA:108,0
DA:109,0
DA:110,0
DA:111,0
DA:117,0
DA:118,0
DA:119,0
DA:120,0
DA:121,0
DA:122,0
DA:123,0
DA:124,0
DA:127,0
DA:134,0
DA:135,0
DA:138,0
DA:139,0
DA:140,0
DA:141,0
DA:142,0
DA:149,0
DA:150,0
DA:151,0
DA:152,0
DA:153,0
DA:154,0
DA:157,0
DA:158,0
DA:161,0
DA:162,0
DA:163,0
DA:165,31
DA:166,248
DA:167,279
DA:168,279
DA:169,279
DA:170,341
DA:171,341
DA:172,279
DA:173,279
DA:174,279
DA:175,279
DA:176,341
DA:177,341
DA:178,279
DA:179,279
DA:180,279
DA:181,279
DA:182,341
DA:183,341
DA:184,279
DA:185,279
DA:186,279
DA:187,279
DA:188,341
DA:189,341
DA:190,279
DA:191,279
DA:192,279
DA:193,279
DA:194,341
DA:195,341
DA:200,0
DA:203,0
DA:210,0
DA:211,0
DA:212,0
DA:213,0
DA:214,0
DA:215,0
DA:218,0
DA:219,0
DA:222,0
DA:223,0
DA:224,0
DA:226,31
DA:227,124
DA:228,155
DA:229,279
DA:230,155
DA:231,155
DA:232,279
DA:233,155
DA:234,155
DA:235,279
DA:236,155
DA:237,155
DA:238,279
DA:239,155
DA:240,155
DA:241,279
DA:243,217
DA:244,217
DA:245,217
DA:246,217
DA:247,217
DA:248,217
DA:253,0
DA:256,0
DA:263,0
DA:264,0
DA:265,0
DA:266,0
DA:267,0
DA:268,0
DA:271,0
DA:272,0
DA:275,0
DA:276,0
DA:277,0
DA:279,31
DA:280,124
DA:281,155
DA:282,155
DA:283,217
DA:284,217
DA:285,279
DA:286,155
DA:287,217
DA:288,217
DA:289,279
DA:290,217
DA:291,217
DA:292,279
DA:293,217
DA:294,217
DA:295,279
DA:296,217
DA:297,217
DA:298,217
DA:300,155
DA:301,155
DA:302,155
DA:303,155
DA:304,155
DA:305,155
DA:306,155
DA:307,155
DA:312,0
DA:315,0
DA:323,0
DA:324,0
DA:325,0
DA:326,0
DA:327,0
DA:328,0
DA:331,0
DA:332,0
DA:335,0
DA:336,0
DA:337,0
DA:339,155
DA:340,155
DA:341,155
DA:342,155
DA:343,155
DA:344,155
DA:345,155
DA:346,155
DA:347,155
DA:348,155
DA:353,0
DA:356,0
DA:363,0
DA:364,0
DA:365,0
DA:366,0
DA:367,0
DA:368,0
DA:371,0
DA:372,0
DA:375,0
DA:376,0
DA:377,0
DA:379,155
DA:380,155
DA:381,155
DA:382,155
DA:383,217
DA:384,155
DA:385,155
DA:386,155
DA:387,155
DA:388,217
DA:393,0
DA:396,0
DA:403,0
DA:404,0
DA:405,0
DA:406,0
DA:407,0
DA:408,0
DA:411,0
DA:412,0
DA:415,0
DA:416,0
DA:417,0
DA:419,155
DA:420,155
DA:421,155
DA:426,0
DA:429,0
DA:436,0
DA:437,0
DA:438,0
DA:439,0
DA:440,0
DA:441,0
DA:444,0
DA:445,0
DA:448,0
DA:449,0
DA:450,0
DA:452,31
DA:453,155
DA:454,186
DA:455,248
DA:456,186
DA:457,248
DA:458,310
DA:459,248
DA:460,310
DA:461,310
DA:470,0
DA:471,0
DA:472,0
DA:473,0
DA:476,0
DA:483,0
DA:484,0
DA:485,0
DA:486,0
DA:487,0
DA:488,0
DA:491,0
DA:492,0
DA:495,0
DA:496,0
DA:497,0
DA:499,186
DA:500,186
DA:501,186
DA:502,186
DA:503,186
DA:504,186
DA:505,186
DA:506,186
DA:507,186
DA:516,0
DA:517,0
DA:518,0
DA:519,0
DA:522,0
end_of_record
TN:__analysis__
SF:/Users/deployer/Desktop/StacksDegens/smart-contracts/sfts-advanced/contracts/resources.clar
FN:18,get-contract-admin
FN:21,set-contract-admin
FN:67,get-balance-uint
FN:28,is-owned-needed
FN:31,tag-nft-token-id
FN:64,set-balance
FN:76,get-total-supply
FN:40,mint
FN:51,mint-user
FN:70,get-balance
FN:73,get-overall-balance
FN:79,get-overall-supply
FN:82,get-decimals
FN:87,transfer
FN:113,transfer-many-iter
FN:100,transfer-many
FN:103,transfer-memo
FN:116,transfer-many-memo-iter
FN:109,transfer-many-memo
FN:121,burn
FN:131,burn-wrapper
FN:138,set-token-uri
FN:144,get-token-uri
FN:157,set-token-name
FN:163,get-token-name
FNF:25
FNH:0
DA:0,620
DA:20,0
DA:23,0
DA:24,0
DA:25,0
DA:30,0
DA:33,0
DA:34,0
DA:35,0
DA:36,0
DA:37,0
DA:42,0
DA:43,0
DA:44,0
DA:45,0
DA:46,0
DA:47,0
DA:48,0
DA:49,0
DA:50,0
DA:53,0
DA:54,0
DA:55,0
DA:56,0
DA:57,0
DA:58,0
DA:59,0
DA:60,0
DA:61,0
DA:66,0
DA:69,0
DA:72,0
DA:75,0
DA:78,0
DA:81,0
DA:84,0
DA:90,0
DA:91,0
DA:92,0
DA:93,0
DA:94,0
DA:95,0
DA:96,0
DA:97,0
DA:98,0
DA:99,0
DA:102,0
DA:105,0
DA:106,0
DA:107,0
DA:108,0
DA:112,0
DA:115,0
DA:118,0
DA:123,0
DA:124,0
DA:125,0
DA:126,0
DA:127,0
DA:128,0
DA:129,0
DA:130,0
DA:133,0
DA:140,0
DA:141,0
DA:142,0
DA:143,0
DA:146,0
DA:147,0
DA:149,93
DA:150,93
DA:151,93
DA:152,93
DA:159,0
DA:160,0
DA:161,0
DA:162,0
DA:165,0
DA:166,0
DA:168,217
DA:169,217
DA:170,217
DA:171,217
end_of_record
TN:__analysis__
SF:/Users/deployer/Desktop/StacksDegens/smart-contracts/sfts-advanced/contracts/sip013-semi-fungible-token-trait.clar
FNF:0
FNH:0
end_of_record
TN:__analysis__
SF:/Users/deployer/Desktop/StacksDegens/smart-contracts/sfts-advanced/contracts/sip013-transfer-many-trait.clar
FNF:0
FNH:0
end_of_record
TN:readonly-calls
SF:/Users/deployer/Desktop/StacksDegens/smart-contracts/sfts-advanced/contracts/collection-1.clar
FN:18,get-contract-admin
FN:21,set-contract-admin
FN:69,get-balance-uint
FN:28,is-owned-needed
FN:31,tag-nft-token-id
FN:65,set-balance
FN:78,get-total-supply
FN:40,mint
FN:52,mint-user
FN:72,get-balance
FN:75,get-overall-balance
FN:81,get-overall-supply
FN:84,get-decimals
FN:89,transfer
FN:114,transfer-many-iter
FN:101,transfer-many
FN:104,transfer-memo
FN:117,transfer-many-memo-iter
FN:110,transfer-many-memo
FN:122,burn
FN:132,burn-wrapper
FN:139,set-token-uri
FN:145,get-token-uri
FN:162,set-token-name
FN:168,get-token-name
FNDA:10,get-balance
FNDA:10,get-balance-uint
FNF:25
FNH:2
DA:0,10
DA:20,0
DA:23,0
DA:24,0
DA:25,0
DA:30,0
DA:33,0
DA:34,0
DA:35,0
DA:36,0
DA:37,0
DA:43,0
DA:44,0
DA:45,0
DA:46,0
DA:47,0
DA:48,0
DA:49,0
DA:50,0
DA:51,0
DA:54,0
DA:55,0
DA:56,0
DA:57,0
DA:58,0
DA:59,0
DA:60,0
DA:61,0
DA:62,0
DA:68,0
DA:71,50
DA:74,40
DA:77,0
DA:80,0
DA:83,0
DA:86,0
DA:91,0
DA:92,0
DA:93,0
DA:94,0
DA:95,0
DA:96,0
DA:97,0
DA:98,0
DA:99,0
DA:100,0
DA:103,0
DA:106,0
DA:107,0
DA:108,0
DA:109,0
DA:113,0
DA:116,0
DA:119,0
DA:124,0
DA:125,0
DA:126,0
DA:127,0
DA:128,0
DA:129,0
DA:130,0
DA:131,0
DA:134,0
DA:141,0
DA:142,0
DA:143,0
DA:144,0
DA:147,0
DA:148,0
DA:150,0
DA:151,0
DA:152,0
DA:153,0
DA:154,0
DA:155,0
DA:156,0
DA:157,0
DA:164,0
DA:165,0
DA:166,0
DA:167,0
DA:170,0
DA:171,0
DA:173,0
DA:174,0
DA:175,0
DA:176,0
DA:177,0
DA:178,0
DA:179,0
DA:180,0
end_of_record
TN:readonly-calls
SF:/Users/deployer/Desktop/StacksDegens/smart-contracts/sfts-advanced/contracts/items.clar
FN:18,get-contract-admin
FN:21,set-contract-admin
FN:67,get-balance-uint
FN:28,is-owned-needed
FN:31,tag-nft-token-id
FN:64,set-balance
FN:76,get-total-supply
FN:40,mint
FN:51,mint-user
FN:70,get-balance
FN:73,get-overall-balance
FN:79,get-overall-supply
FN:82,get-decimals
FN:87,transfer
FN:114,transfer-many-iter
FN:99,transfer-many
FN:102,transfer-memo
FN:117,transfer-many-memo-iter
FN:108,transfer-many-memo
FN:111,transfer-wrapper
FN:122,burn
FN:132,burn-wrapper
FN:139,set-token-uri
FN:145,get-token-uri
FN:199,set-token-name
FN:205,get-token-name
FNDA:161,get-balance
FNDA:161,get-balance-uint
FNDA:2,get-contract-admin
FNDA:1,get-decimals
FNDA:1,get-overall-balance
FNDA:1,get-overall-supply
FNF:26
FNH:6
DA:0,161
DA:20,2
DA:23,0
DA:24,0
DA:25,0
DA:30,0
DA:33,0
DA:34,0
DA:35,0
DA:36,0
DA:37,0
DA:42,0
DA:43,0
DA:44,0
DA:45,0
DA:46,0
DA:47,0
DA:48,0
DA:49,0
DA:50,0
DA:53,0
DA:54,0
DA:55,0
DA:56,0
DA:57,0
DA:58,0
DA:59,0
DA:60,0
DA:61,0
DA:66,0
DA:69,805
DA:72,644
DA:75,3
DA:78,0
DA:81,2
DA:84,2
DA:89,0
DA:90,0
DA:91,0
DA:92,0
DA:93,0
DA:94,0
DA:95,0
DA:96,0
DA:97,0
DA:98,0
DA:101,0
DA:104,0
DA:105,0
DA:106,0
DA:107,0
DA:110,0
DA:113,0
DA:116,0
DA:119,0
DA:124,0
DA:125,0
DA:126,0
DA:127,0
DA:128,0
DA:129,0
DA:130,0
DA:131,0
DA:134,0
DA:141,0
DA:142,0
DA:143,0
DA:144,0
DA:147,0
DA:148,0
DA:150,0
DA:151,0
DA:152,0
DA:153,0
DA:154,0
DA:155,0
DA:156,0
DA:157,0
DA:158,0
DA:159,0
DA:160,0
DA:161,0
DA:162,0
DA:163,0
DA:164,0
DA:165,0
DA:166,0
DA:167,0
DA:168,0
DA:169,0
DA:170,0
DA:171,0
DA:172,0
DA:173,0
DA:174,0
DA:175,0
DA:176,0
DA:177,0
DA:178,0
DA:179,0
DA:180,0
DA:181,0
DA:182,0
DA:183,0
DA:184,0
DA:185,0
DA:186,0
DA:187,0
DA:188,0
DA:189,0
DA:190,0
DA:191,0
DA:192,0
DA:193,0
DA:194,0
DA:201,0
DA:202,0
DA:203,0
DA:204,0
DA:207,0
DA:208,0
DA:210,0
DA:211,0
DA:212,0
DA:213,0
DA:214,0
DA:215,0
DA:216,0
DA:217,0
DA:218,0
DA:219,0
DA:221,0
DA:222,0
DA:223,0
DA:224,0
DA:225,0
DA:226,0
DA:227,0
DA:228,0
DA:229,0
DA:231,0
DA:232,0
DA:233,0
DA:234,0
DA:235,0
DA:236,0
DA:237,0
DA:238,0
DA:239,0
DA:241,0
DA:242,0
DA:243,0
DA:244,0
DA:245,0
DA:246,0
DA:247,0
DA:248,0
DA:249,0
DA:251,0
DA:252,0
DA:253,0
DA:254,0
DA:255,0
DA:256,0
DA:257,0
DA:258,0
DA:259,0
end_of_record
TN:readonly-calls
SF:/Users/deployer/Desktop/StacksDegens/smart-contracts/sfts-advanced/contracts/main-sc.clar
FN:16,transfer-wrapper
FN:27,get-balance-wrapper
FN:40,create-balance-tuple
FN:43,get-data-balance-all-items
FN:65,mint-wrapper
FN:75,mint-wrapper-user
FN:85,mint-wrapper-admin
FN:97,mint-rewards
FN:103,burn-wrapper
FN:114,is-owned-needed-wrapper
FN:125,verified-ownership-function
FN:132,get-starter-kit-status
FN:136,claim-starter-kit
FN:155,get-level-up-resources
FN:147,level-up
FN:159,set-level-up-resources
FN:198,get-data-level-up
FN:201,get-all-level-up-data
FN:216,get-crafting-resources
FN:208,craft-item
FN:220,set-crafting-resources
FN:251,get-data-crafting
FN:254,get-all-crafting-data
FN:269,get-acquisition-resources
FN:261,buy-item
FN:273,set-acquisition-resources
FN:310,get-data-acquisition
FN:313,get-all-acquisition-data
FN:329,get-fight-needed-resources
FN:321,start-fight
FN:333,set-fight-needed-resources
FN:351,get-data-fight-resources
FN:354,get-all-fight-resources-data
FN:369,get-fight-rewards
FN:361,reward-fighting
FN:373,set-fight-rewards
FN:391,get-data-fight-rewards
FN:394,get-all-fight-rewards-data
FN:409,get-sleeping-rewards
FN:401,reward-sleeping
FN:413,set-sleeping-rewards
FN:424,get-data-sleeping-rewards
FN:427,get-all-sleeping-rewards-data
FN:442,get-mining-rewards
FN:434,reward-mining
FN:446,set-mining-rewards
FN:468,get-data-mining-rewards
FN:474,get-all-mining-rewards-data
FN:489,get-harvesting-rewards
FN:481,reward-harvesting
FN:493,set-harvesting-rewards
FN:514,get-data-harvesting-rewards
FN:520,get-all-harvesting-rewards-data
FNDA:45,get-acquisition-resources
FNDA:1,get-all-acquisition-data
FNDA:1,get-all-crafting-data
FNDA:1,get-all-fight-resources-data
FNDA:1,get-all-fight-rewards-data
FNDA:1,get-all-harvesting-rewards-data
FNDA:1,get-all-level-up-data
FNDA:1,get-all-mining-rewards-data
FNDA:1,get-all-sleeping-rewards-data
FNDA:208,get-balance-wrapper
FNDA:45,get-crafting-resources
FNDA:1,get-data-acquisition
FNDA:1,get-data-crafting
FNDA:1,get-data-fight-resources
FNDA:1,get-data-fight-rewards
FNDA:1,get-data-harvesting-rewards
FNDA:1,get-data-level-up
FNDA:1,get-data-mining-rewards
FNDA:1,get-data-sleeping-rewards
FNDA:45,get-level-up-resources
FNDA:2,get-starter-kit-status
FNF:53
FNH:21
DA:0,491
DA:18,0
DA:19,0
DA:20,0
DA:21,0
DA:22,0
DA:23,0
DA:24,0
DA:30,832
DA:31,162
DA:32,616
DA:33,429
DA:34,44
DA:35,30
DA:36,1
DA:41,0
DA:44,0
DA:68,0
DA:69,0
DA:70,0
DA:71,0
DA:72,0
DA:73,0
DA:74,0
DA:78,0
DA:79,0
DA:80,0
DA:81,0
DA:82,0
DA:83,0
DA:84,0
DA:87,0
DA:88,0
DA:89,0
DA:90,0
DA:91,0
DA:92,0
DA:93,0
DA:94,0
DA:95,0
DA:96,0
DA:100,0
DA:105,0
DA:106,0
DA:107,0
DA:108,0
DA:109,0
DA:110,0
DA:111,0
DA:117,0
DA:118,0
DA:119,0
DA:120,0
DA:121,0
DA:122,0
DA:123,0
DA:124,0
DA:127,0
DA:134,6
DA:135,4
DA:138,0
DA:139,0
DA:140,0
DA:141,0
DA:142,0
DA:149,0
DA:150,0
DA:151,0
DA:152,0
DA:153,0
DA:154,0
DA:157,135
DA:158,90
DA:161,0
DA:162,0
DA:163,0
DA:165,0
DA:166,0
DA:167,0
DA:168,0
DA:169,0
DA:170,0
DA:171,0
DA:172,0
DA:173,0
DA:174,0
DA:175,0
DA:176,0
DA:177,0
DA:178,0
DA:179,0
DA:180,0
DA:181,0
DA:182,0
DA:183,0
DA:184,0
DA:185,0
DA:186,0
DA:187,0
DA:188,0
DA:189,0
DA:190,0
DA:191,0
DA:192,0
DA:193,0
DA:194,0
DA:195,0
DA:200,120
DA:203,3
DA:210,0
DA:211,0
DA:212,0
DA:213,0
DA:214,0
DA:215,0
DA:218,135
DA:219,90
DA:222,0
DA:223,0
DA:224,0
DA:226,0
DA:227,0
DA:228,0
DA:229,0
DA:230,0
DA:231,0
DA:232,0
DA:233,0
DA:234,0
DA:235,0
DA:236,0
DA:237,0
DA:238,0
DA:239,0
DA:240,0
DA:241,0
DA:243,0
DA:244,0
DA:245,0
DA:246,0
DA:247,0
DA:248,0
DA:253,84
DA:256,3
DA:263,0
DA:264,0
DA:265,0
DA:266,0
DA:267,0
DA:268,0
DA:271,135
DA:272,90
DA:275,0
DA:276,0
DA:277,0
DA:279,0
DA:280,0
DA:281,0
DA:282,0
DA:283,0
DA:284,0
DA:285,0
DA:286,0
DA:287,0
DA:288,0
DA:289,0
DA:290,0
DA:291,0
DA:292,0
DA:293,0
DA:294,0
DA:295,0
DA:296,0
DA:297,0
DA:298,0
DA:300,0
DA:301,0
DA:302,0
DA:303,0
DA:304,0
DA:305,0
DA:306,0
DA:307,0
DA:312,104
DA:315,3
DA:323,0
DA:324,0
DA:325,0
DA:326,0
DA:327,0
DA:328,0
DA:331,0
DA:332,0
DA:335,0
DA:336,0
DA:337,0
DA:339,0
DA:340,0
DA:341,0
DA:342,0
DA:343,0
DA:344,0
DA:345,0
DA:346,0
DA:347,0
DA:348,0
DA:353,40
DA:356,3
DA:363,0
DA:364,0
DA:365,0
DA:366,0
DA:367,0
DA:368,0
DA:371,0
DA:372,0
DA:375,0
DA:376,0
DA:377,0
DA:379,0
DA:380,0
DA:381,0
DA:382,0
DA:383,0
DA:384,0
DA:385,0
DA:386,0
DA:387,0
DA:388,0
DA:393,40
DA:396,3
DA:403,0
DA:404,0
DA:405,0
DA:406,0
DA:407,0
DA:408,0
DA:411,0
DA:412,0
DA:415,0
DA:416,0
DA:417,0
DA:419,0
DA:420,0
DA:421,0
DA:426,12
DA:429,3
DA:436,0
DA:437,0
DA:438,0
DA:439,0
DA:440,0
DA:441,0
DA:444,0
DA:445,0
DA:448,0
DA:449,0
DA:450,0
DA:452,0
DA:453,0
DA:454,0
DA:455,0
DA:456,0
DA:457,0
DA:458,0
DA:459,0
DA:460,0
DA:461,0
DA:470,36
DA:471,9
DA:472,9
DA:473,36
DA:476,3
DA:483,0
DA:484,0
DA:485,0
DA:486,0
DA:487,0
DA:488,0
DA:491,0
DA:492,0
DA:495,0
DA:496,0
DA:497,0
DA:499,0
DA:500,0
DA:501,0
DA:502,0
DA:503,0
DA:504,0
DA:505,0
DA:506,0
DA:507,0
DA:516,36
DA:517,9
DA:518,9
DA:519,36
DA:522,3
end_of_record
TN:readonly-calls
SF:/Users/deployer/Desktop/StacksDegens/smart-contracts/sfts-advanced/contracts/resources.clar
FN:18,get-contract-admin
FN:21,set-contract-admin
FN:67,get-balance-uint
FN:28,is-owned-needed
FN:31,tag-nft-token-id
FN:64,set-balance
FN:76,get-total-supply
FN:40,mint
FN:51,mint-user
FN:70,get-balance
FN:73,get-overall-balance
FN:79,get-overall-supply
FN:82,get-decimals
FN:87,transfer
FN:113,transfer-many-iter
FN:100,transfer-many
FN:103,transfer-memo
FN:116,transfer-many-memo-iter
FN:109,transfer-many-memo
FN:121,burn
FN:131,burn-wrapper
FN:138,set-token-uri
FN:144,get-token-uri
FN:157,set-token-name
FN:163,get-token-name
FNDA:54,get-balance
FNDA:54,get-balance-uint
FNF:25
FNH:2
DA:0,54
DA:20,0
DA:23,0
DA:24,0
DA:25,0
DA:30,0
DA:33,0
DA:34,0
DA:35,0
DA:36,0
DA:37,0
DA:42,0
DA:43,0
DA:44,0
DA:45,0
DA:46,0
DA:47,0
DA:48,0
DA:49,0
DA:50,0
DA:53,0
DA:54,0
DA:55,0
DA:56,0
DA:57,0
DA:58,0
DA:59,0
DA:60,0
DA:61,0
DA:66,0
DA:69,270
DA:72,216
DA:75,0
DA:78,0
DA:81,0
DA:84,0
DA:90,0
DA:91,0
DA:92,0
DA:93,0
DA:94,0
DA:95,0
DA:96,0
DA:97,0
DA:98,0
DA:99,0
DA:102,0
DA:105,0
DA:106,0
DA:107,0
DA:108,0
DA:112,0
DA:115,0
DA:118,0
DA:123,0
DA:124,0
DA:125,0
DA:126,0
DA:127,0
DA:128,0
DA:129,0
DA:130,0
DA:133,0
DA:140,0
DA:141,0
DA:142,0
DA:143,0
DA:146,0
DA:147,0
DA:149,0
DA:150,0
DA:151,0
DA:152,0
DA:159,0
DA:160,0
DA:161,0
DA:162,0
DA:165,0
DA:166,0
DA:168,0
DA:169,0
DA:170,0
DA:171,0
end_of_record
TN:readonly-calls
SF:/Users/deployer/Desktop/StacksDegens/smart-contracts/sfts-advanced/contracts/sip013-semi-fungible-token-trait.clar
FNF:0
FNH:0
end_of_record
TN:readonly-calls
SF:/Users/deployer/Desktop/StacksDegens/smart-contracts/sfts-advanced/contracts/sip013-transfer-many-trait.clar
FNF:0
FNH:0
end_of_record
